[2019-06-04 11:45:23,395][MainThread:832][task_id:django.utils.autoreload][autoreload.py:576][INFO][Watching for file changes with StatReloader]
[2019-06-04 11:46:23,203][Thread-1:14684][task_id:torch.views][views.py:14][INFO][一个更萌的请求过来了。。。。]
[2019-06-04 11:46:23,204][Thread-1:14684][task_id:collect][views.py:17][INFO][用户1:河南]
[2019-06-04 11:46:27,817][Thread-1:14684][task_id:django.request][log.py:228][WARNING][Forbidden: /torch/test/]
[2019-06-04 11:47:04,559][MainThread:832][task_id:django.utils.autoreload][autoreload.py:203][INFO][D:\mygit\tmg\tmg\torch\permission.py changed, reloading.]
[2019-06-04 11:47:06,186][MainThread:2484][task_id:django.utils.autoreload][autoreload.py:576][INFO][Watching for file changes with StatReloader]
[2019-06-04 11:47:15,564][MainThread:2484][task_id:django.utils.autoreload][autoreload.py:203][INFO][D:\mygit\tmg\tmg\torch\permission.py changed, reloading.]
[2019-06-04 11:47:17,303][MainThread:6128][task_id:django.utils.autoreload][autoreload.py:576][INFO][Watching for file changes with StatReloader]
[2019-06-04 11:49:14,745][MainThread:6128][task_id:django.utils.autoreload][autoreload.py:203][INFO][D:\mygit\tmg\tmg\torch\permission.py changed, reloading.]
[2019-06-04 11:49:16,363][MainThread:3860][task_id:django.utils.autoreload][autoreload.py:576][INFO][Watching for file changes with StatReloader]
[2019-06-04 11:49:48,726][MainThread:3860][task_id:django.utils.autoreload][autoreload.py:203][INFO][D:\mygit\tmg\tmg\torch\permission.py changed, reloading.]
[2019-06-04 11:49:50,393][MainThread:14752][task_id:django.utils.autoreload][autoreload.py:576][INFO][Watching for file changes with StatReloader]
[2019-06-04 11:50:02,271][Thread-1:14372][task_id:torch.permission][permission.py:24][ERROR][zhangsan 无访问test的权限]
[2019-06-04 11:50:02,277][Thread-1:14372][task_id:django.request][log.py:228][WARNING][Forbidden: /torch/test/]
[2019-06-04 11:50:17,429][MainThread:14752][task_id:django.utils.autoreload][autoreload.py:203][INFO][D:\mygit\tmg\tmg\torch\permission.py changed, reloading.]
[2019-06-04 11:50:19,083][MainThread:14952][task_id:django.utils.autoreload][autoreload.py:576][INFO][Watching for file changes with StatReloader]
[2019-06-04 11:52:23,784][MainThread:14952][task_id:django.utils.autoreload][autoreload.py:203][INFO][D:\mygit\tmg\tmg\torch\views.py changed, reloading.]
[2019-06-04 11:52:25,449][MainThread:9572][task_id:django.utils.autoreload][autoreload.py:576][INFO][Watching for file changes with StatReloader]
[2019-06-04 11:53:44,682][MainThread:9572][task_id:django.utils.autoreload][autoreload.py:203][INFO][D:\mygit\tmg\tmg\torch\permission.py changed, reloading.]
[2019-06-04 11:53:46,411][MainThread:14976][task_id:django.utils.autoreload][autoreload.py:576][INFO][Watching for file changes with StatReloader]
[2019-06-04 11:53:53,211][Thread-1:11248][task_id:torch.views][views.py:14][INFO][一个更萌的请求过来了。。。。]
[2019-06-04 11:54:09,116][MainThread:14976][task_id:django.utils.autoreload][autoreload.py:203][INFO][D:\mygit\tmg\tmg\torch\permission.py changed, reloading.]
[2019-06-04 11:54:10,748][MainThread:14636][task_id:django.utils.autoreload][autoreload.py:576][INFO][Watching for file changes with StatReloader]
[2019-06-04 11:54:14,773][Thread-1:6032][task_id:torch.views][views.py:14][INFO][一个更萌的请求过来了。。。。]
[2019-06-04 11:55:59,702][MainThread:14636][task_id:django.utils.autoreload][autoreload.py:203][INFO][D:\mygit\tmg\tmg\torch\permission.py changed, reloading.]
[2019-06-04 11:56:01,369][MainThread:1864][task_id:django.utils.autoreload][autoreload.py:576][INFO][Watching for file changes with StatReloader]
[2019-06-04 11:56:08,635][Thread-1:3328][task_id:torch.permission][permission.py:33][INFO][用户:zhangsan  url: <bound method HttpRequest.get_full_path of <WSGIRequest: GET '/torch/'>>]
[2019-06-04 11:56:08,638][Thread-1:3328][task_id:torch.views][views.py:14][INFO][一个更萌的请求过来了。。。。]
[2019-06-04 11:56:21,180][MainThread:1864][task_id:django.utils.autoreload][autoreload.py:203][INFO][D:\mygit\tmg\tmg\torch\permission.py changed, reloading.]
[2019-06-04 11:56:22,823][MainThread:9580][task_id:django.utils.autoreload][autoreload.py:576][INFO][Watching for file changes with StatReloader]
[2019-06-04 11:56:26,968][Thread-1:10544][task_id:torch.permission][permission.py:33][INFO][用户:zhangsan  url: /torch/]
[2019-06-04 11:56:26,974][Thread-1:10544][task_id:torch.views][views.py:14][INFO][一个更萌的请求过来了。。。。]
[2019-06-04 11:57:22,572][MainThread:9580][task_id:django.utils.autoreload][autoreload.py:203][INFO][D:\mygit\tmg\tmg\torch\permission.py changed, reloading.]
[2019-06-04 11:57:24,205][MainThread:10540][task_id:django.utils.autoreload][autoreload.py:576][INFO][Watching for file changes with StatReloader]
[2019-06-04 11:57:29,455][Thread-1:13716][task_id:torch.permission][permission.py:33][INFO][用户:zhangsan 访问 url: /torch/test/]
[2019-06-04 11:57:29,458][Thread-1:13716][task_id:torch.permission][permission.py:24][ERROR][用户：zhangsan 无访问test的权限]
[2019-06-04 11:57:29,464][Thread-1:13716][task_id:django.request][log.py:228][WARNING][Forbidden: /torch/test/]
[2019-06-04 11:58:06,264][MainThread:10540][task_id:django.utils.autoreload][autoreload.py:203][INFO][D:\mygit\tmg\tmg\torch\permission.py changed, reloading.]
[2019-06-04 11:58:07,888][MainThread:9052][task_id:django.utils.autoreload][autoreload.py:576][INFO][Watching for file changes with StatReloader]
[2019-06-04 11:58:12,526][Thread-1:2928][task_id:torch.permission][permission.py:33][INFO][用户:zhangsan 访问 url: /torch/test/]
[2019-06-04 11:58:12,528][Thread-1:2928][task_id:torch.permission][permission.py:24][ERROR][用户：zhangsan 无访问/torch/test/的权限]
[2019-06-04 11:58:12,534][Thread-1:2928][task_id:django.request][log.py:228][WARNING][Forbidden: /torch/test/]
[2019-06-04 11:58:25,448][Thread-1:2928][task_id:torch.permission][permission.py:33][INFO][用户:zhangsan 访问 url: /torch/]
[2019-06-04 11:58:25,451][Thread-1:2928][task_id:torch.views][views.py:14][INFO][一个更萌的请求过来了。。。。]
[2019-06-04 11:58:39,711][Thread-1:2928][task_id:torch.permission][permission.py:33][INFO][用户:xiyang 访问 url: /torch/test/]
[2019-06-04 11:58:39,714][Thread-1:2928][task_id:torch.views][views.py:24][INFO][一个test的请求过来了。。。。]
[2019-06-04 11:58:39,749][Thread-1:2928][task_id:django.request][log.py:228][ERROR][Internal Server Error: /torch/test/]
Traceback (most recent call last):
  File "C:\Users\cheng\.virtualenvs\tmg-0JPmn_IR\lib\site-packages\django\core\handlers\exception.py", line 34, in inner
    response = get_response(request)
  File "C:\Users\cheng\.virtualenvs\tmg-0JPmn_IR\lib\site-packages\django\core\handlers\base.py", line 115, in _get_response
    response = self.process_exception_by_middleware(e, request)
  File "C:\Users\cheng\.virtualenvs\tmg-0JPmn_IR\lib\site-packages\django\core\handlers\base.py", line 113, in _get_response
    response = wrapped_callback(request, *callback_args, **callback_kwargs)
  File "D:\mygit\tmg\tmg\torch\permission.py", line 35, in wapper
    return fun(request, *args, **kwargs)
  File "D:\mygit\tmg\tmg\torch\views.py", line 27, in test
    collect_logger.info("用户1:test")
NameError: name 'collect_logger' is not defined
[2019-06-04 11:58:57,734][MainThread:9052][task_id:django.utils.autoreload][autoreload.py:203][INFO][D:\mygit\tmg\tmg\torch\views.py changed, reloading.]
[2019-06-04 11:58:59,389][MainThread:8180][task_id:django.utils.autoreload][autoreload.py:576][INFO][Watching for file changes with StatReloader]
[2019-06-04 11:59:13,937][Thread-1:10544][task_id:torch.permission][permission.py:33][INFO][用户:xiyang 访问 url: /torch/]
[2019-06-04 11:59:13,939][Thread-1:10544][task_id:torch.views][views.py:14][INFO][一个更萌的请求过来了。。。。]
[2019-06-04 11:59:35,313][Thread-1:10544][task_id:torch.permission][permission.py:33][INFO][用户:xiyang 访问 url: /torch/test/]
[2019-06-04 11:59:35,316][Thread-1:10544][task_id:torch.views][views.py:24][INFO][一个test的请求过来了。。。。]
[2019-06-04 11:59:55,383][MainThread:8180][task_id:django.utils.autoreload][autoreload.py:203][INFO][D:\mygit\tmg\tmg\torch\views.py changed, reloading.]
[2019-06-04 11:59:57,002][MainThread:3404][task_id:django.utils.autoreload][autoreload.py:576][INFO][Watching for file changes with StatReloader]
[2019-06-04 12:00:52,921][Thread-1:8380][task_id:torch.permission][permission.py:33][INFO][用户:zhangsan 访问 url: /torch/test/]
[2019-06-04 12:00:52,923][Thread-1:8380][task_id:torch.permission][permission.py:24][ERROR][用户：zhangsan 无访问/torch/test/的权限]
[2019-06-04 12:00:52,945][Thread-1:8380][task_id:django.request][log.py:228][WARNING][Forbidden: /torch/test/]
[2019-06-04 12:03:19,959][MainThread:3404][task_id:django.utils.autoreload][autoreload.py:203][INFO][D:\mygit\tmg\tmg\torch\views.py changed, reloading.]
[2019-06-04 12:03:21,568][MainThread:11504][task_id:django.utils.autoreload][autoreload.py:576][INFO][Watching for file changes with StatReloader]
[2019-06-04 12:03:29,044][Thread-1:14900][task_id:torch.permission][permission.py:33][INFO][用户:zhangsan 访问 url: /torch/test/]
[2019-06-04 12:03:29,046][Thread-1:14900][task_id:torch.permission][permission.py:24][ERROR][用户：zhangsan 无访问/torch/test/的权限]
[2019-06-04 12:03:29,048][Thread-1:14900][task_id:django.request][log.py:228][WARNING][Forbidden: /torch/test/]
[2019-06-04 12:03:33,342][Thread-1:14900][task_id:torch.permission][permission.py:33][INFO][用户:zhangsan 访问 url: /torch/]
[2019-06-04 12:53:43,209][Thread-4:14924][task_id:torch.permission][permission.py:33][INFO][用户:zhangsan 访问 url: /torch/test/]
[2019-06-04 12:53:43,211][Thread-4:14924][task_id:torch.permission][permission.py:24][ERROR][用户：zhangsan 无访问/torch/test/的权限]
[2019-06-04 12:53:43,214][Thread-4:14924][task_id:django.request][log.py:228][WARNING][Forbidden: /torch/test/]
[2019-06-04 12:54:13,863][MainThread:11504][task_id:django.utils.autoreload][autoreload.py:203][INFO][D:\mygit\tmg\tmg\torch\views.py changed, reloading.]
[2019-06-04 12:54:15,529][MainThread:7248][task_id:django.utils.autoreload][autoreload.py:576][INFO][Watching for file changes with StatReloader]
[2019-06-04 12:54:20,516][MainThread:7248][task_id:django.utils.autoreload][autoreload.py:203][INFO][D:\mygit\tmg\tmg\torch\views.py changed, reloading.]
[2019-06-04 12:54:22,143][MainThread:13920][task_id:django.utils.autoreload][autoreload.py:576][INFO][Watching for file changes with StatReloader]
[2019-06-04 12:54:44,317][MainThread:13920][task_id:django.utils.autoreload][autoreload.py:203][INFO][D:\mygit\tmg\tmg\tmg\settings.py changed, reloading.]
[2019-06-04 12:54:45,946][MainThread:14728][task_id:django.utils.autoreload][autoreload.py:576][INFO][Watching for file changes with StatReloader]
[2019-06-04 12:54:59,488][MainThread:14728][task_id:django.utils.autoreload][autoreload.py:203][INFO][D:\mygit\tmg\tmg\tmg\settings.py changed, reloading.]
[2019-06-04 12:55:01,158][MainThread:9288][task_id:django.utils.autoreload][autoreload.py:576][INFO][Watching for file changes with StatReloader]
[2019-06-04 12:55:28,985][MainThread:9288][task_id:django.utils.autoreload][autoreload.py:203][INFO][D:\mygit\tmg\tmg\torch\urls.py changed, reloading.]
[2019-06-04 12:55:30,561][MainThread:10252][task_id:django.utils.autoreload][autoreload.py:576][INFO][Watching for file changes with StatReloader]
[2019-06-04 12:55:41,709][Thread-1:7928][task_id:torch.permission][permission.py:33][INFO][用户:zhangsan 访问 url: /torch/plant_status]
[2019-06-04 12:55:41,713][Thread-1:7928][task_id:torch.permission][permission.py:24][ERROR][用户：zhangsan 无访问/torch/plant_status的权限]
[2019-06-04 12:55:41,733][Thread-1:7928][task_id:django.request][log.py:228][WARNING][Forbidden: /torch/plant_status]
[2019-06-04 12:57:57,030][Thread-1:7928][task_id:torch.permission][permission.py:33][INFO][用户:xiyang 访问 url: /torch/plant_status]
[2019-06-04 12:57:57,077][Thread-1:7928][task_id:django.request][log.py:228][ERROR][Internal Server Error: /torch/plant_status]
Traceback (most recent call last):
  File "C:\Users\cheng\.virtualenvs\tmg-0JPmn_IR\lib\site-packages\django\core\handlers\exception.py", line 34, in inner
    response = get_response(request)
  File "C:\Users\cheng\.virtualenvs\tmg-0JPmn_IR\lib\site-packages\django\core\handlers\base.py", line 115, in _get_response
    response = self.process_exception_by_middleware(e, request)
  File "C:\Users\cheng\.virtualenvs\tmg-0JPmn_IR\lib\site-packages\django\core\handlers\base.py", line 113, in _get_response
    response = wrapped_callback(request, *callback_args, **callback_kwargs)
  File "D:\mygit\tmg\tmg\torch\permission.py", line 35, in wapper
    return fun(request, *args, **kwargs)
  File "D:\mygit\tmg\tmg\torch\views.py", line 22, in plant_status
    return render(request, 'html/plant_status.html')
  File "C:\Users\cheng\.virtualenvs\tmg-0JPmn_IR\lib\site-packages\django\shortcuts.py", line 36, in render
    content = loader.render_to_string(template_name, context, request, using=using)
  File "C:\Users\cheng\.virtualenvs\tmg-0JPmn_IR\lib\site-packages\django\template\loader.py", line 61, in render_to_string
    template = get_template(template_name, using=using)
  File "C:\Users\cheng\.virtualenvs\tmg-0JPmn_IR\lib\site-packages\django\template\loader.py", line 19, in get_template
    raise TemplateDoesNotExist(template_name, chain=chain)
django.template.exceptions.TemplateDoesNotExist: html/plant_status.html
[2019-06-04 12:58:44,447][MainThread:10252][task_id:django.utils.autoreload][autoreload.py:203][INFO][D:\mygit\tmg\tmg\torch\views.py changed, reloading.]
[2019-06-04 12:58:46,066][MainThread:14572][task_id:django.utils.autoreload][autoreload.py:576][INFO][Watching for file changes with StatReloader]
[2019-06-04 12:58:49,230][Thread-1:14536][task_id:torch.permission][permission.py:33][INFO][用户:xiyang 访问 url: /torch/plant_status]
[2019-06-04 12:59:00,446][Thread-1:14536][task_id:torch.permission][permission.py:33][INFO][用户:xiyang 访问 url: /torch/test/]
[2019-06-04 12:59:01,285][Thread-1:14536][task_id:torch.permission][permission.py:33][INFO][用户:xiyang 访问 url: /torch/plant_status]
[2019-06-04 12:59:05,244][Thread-1:14536][task_id:torch.permission][permission.py:33][INFO][用户:xiyang 访问 url: /torch/]
[2019-06-04 14:13:32,330][Thread-4:14964][task_id:torch.permission][permission.py:33][INFO][用户:xiyang 访问 url: /torch/]
[2019-06-05 10:17:02,895][MainThread:672][task_id:django.utils.autoreload][autoreload.py:576][INFO][Watching for file changes with StatReloader]
[2019-06-05 10:17:12,489][Thread-1:3880][task_id:django.request][log.py:228][WARNING][Not Found: /favicon.ico]
[2019-06-05 10:17:19,137][Thread-1:3880][task_id:torch.permission][permission.py:33][INFO][用户:xiyang 访问 url: /torch/plant_status]
[2019-06-05 10:17:22,741][Thread-1:3880][task_id:torch.permission][permission.py:33][INFO][用户:xiyang 访问 url: /torch/]
[2019-06-05 10:17:26,621][Thread-1:3880][task_id:torch.permission][permission.py:33][INFO][用户:xiyang 访问 url: /torch/test/]
[2019-06-05 10:17:28,567][Thread-1:3880][task_id:torch.permission][permission.py:33][INFO][用户:xiyang 访问 url: /torch/plant_status]
[2019-06-05 10:17:37,469][Thread-1:3880][task_id:torch.permission][permission.py:33][INFO][用户:zhangsan 访问 url: /torch/test/]
[2019-06-05 10:17:37,471][Thread-1:3880][task_id:torch.permission][permission.py:24][ERROR][用户：zhangsan 无访问/torch/test/的权限]
[2019-06-05 10:17:37,481][Thread-1:3880][task_id:django.request][log.py:228][WARNING][Forbidden: /torch/test/]
[2019-06-05 10:17:38,499][Thread-1:3880][task_id:torch.permission][permission.py:33][INFO][用户:zhangsan 访问 url: /torch/plant_status]
[2019-06-05 10:17:39,959][Thread-1:3880][task_id:torch.permission][permission.py:33][INFO][用户:zhangsan 访问 url: /torch/]
[2019-06-05 10:22:48,816][MainThread:672][task_id:django.utils.autoreload][autoreload.py:203][INFO][D:\mygit\tmg\tmg\torch\views.py changed, reloading.]
[2019-06-05 10:22:50,316][MainThread:1536][task_id:django.utils.autoreload][autoreload.py:576][INFO][Watching for file changes with StatReloader]
[2019-06-05 10:23:27,073][Thread-1:9560][task_id:torch.permission][permission.py:33][INFO][用户:zhangsan 访问 url: /torch/plant_status]
[2019-06-05 10:23:38,721][Thread-1:9560][task_id:torch.permission][permission.py:33][INFO][用户:zhangsan 访问 url: /torch/plant_status]
[2019-06-05 10:27:27,641][Thread-1:9560][task_id:torch.permission][permission.py:33][INFO][用户:zhangsan 访问 url: /torch/plant_status]
[2019-06-05 10:27:27,752][Thread-1:9560][task_id:django.request][log.py:228][ERROR][Internal Server Error: /torch/plant_status]
Traceback (most recent call last):
  File "C:\Users\cheng\.virtualenvs\tmg-0JPmn_IR\lib\site-packages\django\core\handlers\exception.py", line 34, in inner
    response = get_response(request)
  File "C:\Users\cheng\.virtualenvs\tmg-0JPmn_IR\lib\site-packages\django\core\handlers\base.py", line 115, in _get_response
    response = self.process_exception_by_middleware(e, request)
  File "C:\Users\cheng\.virtualenvs\tmg-0JPmn_IR\lib\site-packages\django\core\handlers\base.py", line 113, in _get_response
    response = wrapped_callback(request, *callback_args, **callback_kwargs)
  File "D:\mygit\tmg\tmg\torch\permission.py", line 35, in wapper
    return fun(request, *args, **kwargs)
  File "D:\mygit\tmg\tmg\torch\views.py", line 23, in plant_status
    return render(request, 'torch/plant_status.html', context)
  File "C:\Users\cheng\.virtualenvs\tmg-0JPmn_IR\lib\site-packages\django\shortcuts.py", line 36, in render
    content = loader.render_to_string(template_name, context, request, using=using)
  File "C:\Users\cheng\.virtualenvs\tmg-0JPmn_IR\lib\site-packages\django\template\loader.py", line 61, in render_to_string
    template = get_template(template_name, using=using)
  File "C:\Users\cheng\.virtualenvs\tmg-0JPmn_IR\lib\site-packages\django\template\loader.py", line 15, in get_template
    return engine.get_template(template_name)
  File "C:\Users\cheng\.virtualenvs\tmg-0JPmn_IR\lib\site-packages\django\template\backends\django.py", line 34, in get_template
    return Template(self.engine.get_template(template_name), self)
  File "C:\Users\cheng\.virtualenvs\tmg-0JPmn_IR\lib\site-packages\django\template\engine.py", line 143, in get_template
    template, origin = self.find_template(template_name)
  File "C:\Users\cheng\.virtualenvs\tmg-0JPmn_IR\lib\site-packages\django\template\engine.py", line 125, in find_template
    template = loader.get_template(name, skip=skip)
  File "C:\Users\cheng\.virtualenvs\tmg-0JPmn_IR\lib\site-packages\django\template\loaders\base.py", line 30, in get_template
    contents, origin, origin.template_name, self.engine,
  File "C:\Users\cheng\.virtualenvs\tmg-0JPmn_IR\lib\site-packages\django\template\base.py", line 156, in __init__
    self.nodelist = self.compile_nodelist()
  File "C:\Users\cheng\.virtualenvs\tmg-0JPmn_IR\lib\site-packages\django\template\base.py", line 194, in compile_nodelist
    return parser.parse()
  File "C:\Users\cheng\.virtualenvs\tmg-0JPmn_IR\lib\site-packages\django\template\base.py", line 478, in parse
    raise self.error(token, e)
  File "C:\Users\cheng\.virtualenvs\tmg-0JPmn_IR\lib\site-packages\django\template\base.py", line 476, in parse
    compiled_result = compile_func(self, token)
  File "C:\Users\cheng\.virtualenvs\tmg-0JPmn_IR\lib\site-packages\django\template\defaulttags.py", line 810, in do_for
    sequence = parser.compile_filter(bits[in_index + 1])
  File "C:\Users\cheng\.virtualenvs\tmg-0JPmn_IR\lib\site-packages\django\template\base.py", line 563, in compile_filter
    return FilterExpression(token, self)
  File "C:\Users\cheng\.virtualenvs\tmg-0JPmn_IR\lib\site-packages\django\template\base.py", line 663, in __init__
    "from '%s'" % (token[upto:], token))
django.template.exceptions.TemplateSyntaxError: Could not parse the remainder: '(latest_question_list)' from 'enumerate(latest_question_list)'
[2019-06-05 10:28:08,463][Thread-1:9560][task_id:torch.permission][permission.py:33][INFO][用户:zhangsan 访问 url: /torch/plant_status]
[2019-06-05 10:28:22,950][Thread-1:9560][task_id:torch.permission][permission.py:33][INFO][用户:zhangsan 访问 url: /torch/plant_status]
[2019-06-05 10:30:41,154][MainThread:1536][task_id:django.utils.autoreload][autoreload.py:203][INFO][D:\mygit\tmg\tmg\torch\views.py changed, reloading.]
[2019-06-05 10:30:43,337][MainThread:3464][task_id:django.utils.autoreload][autoreload.py:576][INFO][Watching for file changes with StatReloader]
[2019-06-05 10:30:49,601][MainThread:3464][task_id:django.utils.autoreload][autoreload.py:203][INFO][D:\mygit\tmg\tmg\torch\views.py changed, reloading.]
[2019-06-05 10:30:52,381][MainThread:8076][task_id:django.utils.autoreload][autoreload.py:576][INFO][Watching for file changes with StatReloader]
[2019-06-05 10:31:54,991][MainThread:8076][task_id:django.utils.autoreload][autoreload.py:203][INFO][D:\mygit\tmg\tmg\lib\server.py changed, reloading.]
[2019-06-05 10:31:56,595][MainThread:3032][task_id:django.utils.autoreload][autoreload.py:576][INFO][Watching for file changes with StatReloader]
[2019-06-05 10:33:30,531][MainThread:3032][task_id:django.utils.autoreload][autoreload.py:203][INFO][D:\mygit\tmg\tmg\lib\server.py changed, reloading.]
[2019-06-05 10:33:32,297][MainThread:1704][task_id:django.utils.autoreload][autoreload.py:576][INFO][Watching for file changes with StatReloader]
[2019-06-05 10:33:57,435][MainThread:1704][task_id:django.utils.autoreload][autoreload.py:203][INFO][D:\mygit\tmg\tmg\lib\server.py changed, reloading.]
[2019-06-05 10:33:59,831][MainThread:5812][task_id:django.utils.autoreload][autoreload.py:576][INFO][Watching for file changes with StatReloader]
[2019-06-05 10:34:59,996][MainThread:5812][task_id:django.utils.autoreload][autoreload.py:203][INFO][D:\mygit\tmg\tmg\lib\server.py changed, reloading.]
[2019-06-05 10:35:02,836][MainThread:4012][task_id:django.utils.autoreload][autoreload.py:576][INFO][Watching for file changes with StatReloader]
[2019-06-05 10:36:40,695][MainThread:4012][task_id:django.utils.autoreload][autoreload.py:203][INFO][D:\mygit\tmg\tmg\torch\views.py changed, reloading.]
[2019-06-05 10:36:43,213][MainThread:5696][task_id:django.utils.autoreload][autoreload.py:576][INFO][Watching for file changes with StatReloader]
[2019-06-05 10:37:13,346][Thread-1:3016][task_id:torch.permission][permission.py:33][INFO][用户:zhangsan 访问 url: /torch/plant_status]
[2019-06-05 10:38:11,537][Thread-1:3016][task_id:torch.permission][permission.py:33][INFO][用户:zhangsan 访问 url: /torch/plant_status]
[2019-06-05 10:40:04,971][Thread-1:3016][task_id:torch.permission][permission.py:33][INFO][用户:zhangsan 访问 url: /torch/plant_status]
[2019-06-05 10:41:28,072][Thread-1:3016][task_id:torch.permission][permission.py:33][INFO][用户:zhangsan 访问 url: /torch/plant_status]
[2019-06-05 10:42:30,264][Thread-1:3016][task_id:torch.permission][permission.py:33][INFO][用户:zhangsan 访问 url: /torch/plant_status]
[2019-06-05 10:48:46,707][Thread-4:13944][task_id:django.request][log.py:228][WARNING][Not Found: /favicon.ico]
[2019-06-05 10:48:49,837][Thread-4:13944][task_id:torch.permission][permission.py:33][INFO][用户:zhangsan 访问 url: /torch/]
[2019-06-05 10:48:49,909][Thread-4:13944][task_id:django.request][log.py:228][ERROR][Internal Server Error: /torch/]
Traceback (most recent call last):
  File "C:\Users\cheng\.virtualenvs\tmg-0JPmn_IR\lib\site-packages\django\template\base.py", line 470, in parse
    compile_func = self.tags[command]
KeyError: 'static'

During handling of the above exception, another exception occurred:

Traceback (most recent call last):
  File "C:\Users\cheng\.virtualenvs\tmg-0JPmn_IR\lib\site-packages\django\core\handlers\exception.py", line 34, in inner
    response = get_response(request)
  File "C:\Users\cheng\.virtualenvs\tmg-0JPmn_IR\lib\site-packages\django\core\handlers\base.py", line 115, in _get_response
    response = self.process_exception_by_middleware(e, request)
  File "C:\Users\cheng\.virtualenvs\tmg-0JPmn_IR\lib\site-packages\django\core\handlers\base.py", line 113, in _get_response
    response = wrapped_callback(request, *callback_args, **callback_kwargs)
  File "D:\mygit\tmg\tmg\torch\permission.py", line 35, in wapper
    return fun(request, *args, **kwargs)
  File "D:\mygit\tmg\tmg\torch\views.py", line 14, in index
    return render(request, 'torch/index.html')
  File "C:\Users\cheng\.virtualenvs\tmg-0JPmn_IR\lib\site-packages\django\shortcuts.py", line 36, in render
    content = loader.render_to_string(template_name, context, request, using=using)
  File "C:\Users\cheng\.virtualenvs\tmg-0JPmn_IR\lib\site-packages\django\template\loader.py", line 61, in render_to_string
    template = get_template(template_name, using=using)
  File "C:\Users\cheng\.virtualenvs\tmg-0JPmn_IR\lib\site-packages\django\template\loader.py", line 15, in get_template
    return engine.get_template(template_name)
  File "C:\Users\cheng\.virtualenvs\tmg-0JPmn_IR\lib\site-packages\django\template\backends\django.py", line 34, in get_template
    return Template(self.engine.get_template(template_name), self)
  File "C:\Users\cheng\.virtualenvs\tmg-0JPmn_IR\lib\site-packages\django\template\engine.py", line 143, in get_template
    template, origin = self.find_template(template_name)
  File "C:\Users\cheng\.virtualenvs\tmg-0JPmn_IR\lib\site-packages\django\template\engine.py", line 125, in find_template
    template = loader.get_template(name, skip=skip)
  File "C:\Users\cheng\.virtualenvs\tmg-0JPmn_IR\lib\site-packages\django\template\loaders\base.py", line 30, in get_template
    contents, origin, origin.template_name, self.engine,
  File "C:\Users\cheng\.virtualenvs\tmg-0JPmn_IR\lib\site-packages\django\template\base.py", line 156, in __init__
    self.nodelist = self.compile_nodelist()
  File "C:\Users\cheng\.virtualenvs\tmg-0JPmn_IR\lib\site-packages\django\template\base.py", line 194, in compile_nodelist
    return parser.parse()
  File "C:\Users\cheng\.virtualenvs\tmg-0JPmn_IR\lib\site-packages\django\template\base.py", line 472, in parse
    self.invalid_block_tag(token, command, parse_until)
  File "C:\Users\cheng\.virtualenvs\tmg-0JPmn_IR\lib\site-packages\django\template\base.py", line 534, in invalid_block_tag
    "or load this tag?" % (token.lineno, command)
django.template.exceptions.TemplateSyntaxError: Invalid block tag on line 7: 'static'. Did you forget to register or load this tag?
[2019-06-05 10:49:22,127][Thread-4:13944][task_id:torch.permission][permission.py:33][INFO][用户:zhangsan 访问 url: /torch/]
[2019-06-05 10:49:31,009][Thread-4:13944][task_id:torch.permission][permission.py:33][INFO][用户:zhangsan 访问 url: /torch/test/]
[2019-06-05 10:49:31,012][Thread-4:13944][task_id:torch.permission][permission.py:24][ERROR][用户：zhangsan 无访问/torch/test/的权限]
[2019-06-05 10:49:31,015][Thread-4:13944][task_id:django.request][log.py:228][WARNING][Forbidden: /torch/test/]
[2019-06-05 10:49:37,438][Thread-4:13944][task_id:torch.permission][permission.py:33][INFO][用户:zhangsan 访问 url: /torch/plant_status]
[2019-06-05 10:53:04,500][Thread-4:13944][task_id:torch.permission][permission.py:33][INFO][用户:zhangsan 访问 url: /torch/]
[2019-06-05 11:19:06,512][Thread-9:10528][task_id:django.request][log.py:228][WARNING][Not Found: /favicon.ico]
[2019-06-05 11:19:16,915][Thread-9:10528][task_id:django.request][log.py:228][WARNING][Not Found: /favicon.ico]
[2019-06-05 11:21:35,916][MainThread:5696][task_id:django.utils.autoreload][autoreload.py:203][INFO][D:\mygit\tmg\tmg\tmg\settings.py changed, reloading.]
[2019-06-05 11:21:39,093][MainThread:2180][task_id:django.utils.autoreload][autoreload.py:576][INFO][Watching for file changes with StatReloader]
[2019-06-05 11:21:48,123][Thread-2:936][task_id:django.request][log.py:228][WARNING][Not Found: /favicon.ico]
[2019-06-05 11:22:27,855][MainThread:2180][task_id:django.utils.autoreload][autoreload.py:203][INFO][D:\mygit\tmg\tmg\tmg\settings.py changed, reloading.]
[2019-06-05 11:22:30,753][MainThread:11880][task_id:django.utils.autoreload][autoreload.py:576][INFO][Watching for file changes with StatReloader]
[2019-06-05 11:23:39,217][MainThread:11880][task_id:django.utils.autoreload][autoreload.py:203][INFO][D:\mygit\tmg\tmg\tmg\settings.py changed, reloading.]
[2019-06-05 11:23:41,359][MainThread:10160][task_id:django.utils.autoreload][autoreload.py:576][INFO][Watching for file changes with StatReloader]
[2019-06-05 11:23:54,798][Thread-1:7588][task_id:torch.permission][permission.py:33][INFO][用户:zhangsan 访问 url: /torch/]
[2019-06-05 11:24:02,070][Thread-1:7588][task_id:torch.permission][permission.py:33][INFO][用户:zhangsan 访问 url: /torch/test/]
[2019-06-05 11:24:02,073][Thread-1:7588][task_id:torch.permission][permission.py:24][ERROR][用户：zhangsan 无访问/torch/test/的权限]
[2019-06-05 11:24:02,077][Thread-1:7588][task_id:django.request][log.py:228][WARNING][Forbidden: /torch/test/]
[2019-06-05 11:24:04,380][Thread-1:7588][task_id:torch.permission][permission.py:33][INFO][用户:zhangsan 访问 url: /torch/plant_status]
[2019-06-05 11:44:53,405][MainThread:8900][task_id:django.utils.autoreload][autoreload.py:576][INFO][Watching for file changes with StatReloader]
[2019-06-05 11:45:05,347][MainThread:8900][task_id:django.utils.autoreload][autoreload.py:203][INFO][D:\mygit\tmg\tmg\torch\admin.py changed, reloading.]
[2019-06-05 11:45:07,617][MainThread:13612][task_id:django.utils.autoreload][autoreload.py:576][INFO][Watching for file changes with StatReloader]
[2019-06-05 11:50:19,534][MainThread:13612][task_id:django.utils.autoreload][autoreload.py:203][INFO][D:\mygit\tmg\tmg\torch\admin.py changed, reloading.]
[2019-06-05 11:50:22,016][MainThread:4292][task_id:django.utils.autoreload][autoreload.py:576][INFO][Watching for file changes with StatReloader]
[2019-06-05 11:50:50,798][Thread-1:8708][task_id:torch.permission][permission.py:33][INFO][用户:zhangsan 访问 url: /torch/]
[2019-06-05 11:50:57,423][MainThread:4292][task_id:django.utils.autoreload][autoreload.py:203][INFO][D:\mygit\tmg\tmg\torch\admin.py changed, reloading.]
[2019-06-05 11:51:00,107][MainThread:13812][task_id:django.utils.autoreload][autoreload.py:576][INFO][Watching for file changes with StatReloader]
[2019-06-05 11:51:06,788][Thread-1:5616][task_id:torch.permission][permission.py:33][INFO][用户:zhangsan 访问 url: /torch/]
[2019-06-05 11:51:28,247][MainThread:13812][task_id:django.utils.autoreload][autoreload.py:203][INFO][D:\mygit\tmg\tmg\torch\admin.py changed, reloading.]
[2019-06-05 11:51:30,876][MainThread:8884][task_id:django.utils.autoreload][autoreload.py:576][INFO][Watching for file changes with StatReloader]
[2019-06-05 11:51:49,929][MainThread:8884][task_id:django.utils.autoreload][autoreload.py:203][INFO][D:\mygit\tmg\tmg\torch\admin.py changed, reloading.]
[2019-06-05 11:51:52,457][MainThread:7624][task_id:django.utils.autoreload][autoreload.py:576][INFO][Watching for file changes with StatReloader]
[2019-06-05 11:52:02,188][Thread-1:14672][task_id:torch.permission][permission.py:33][INFO][用户:zhangsan 访问 url: /torch/]
[2019-06-05 11:56:31,001][MainThread:7624][task_id:django.utils.autoreload][autoreload.py:203][INFO][D:\mygit\tmg\tmg\tmg\settings.py changed, reloading.]
[2019-06-05 11:56:32,818][MainThread:13900][task_id:django.utils.autoreload][autoreload.py:576][INFO][Watching for file changes with StatReloader]
[2019-06-05 11:57:07,560][Thread-3:8824][task_id:torch.permission][permission.py:33][INFO][用户:zhangsan 访问 url: /torch/]
[2019-06-05 11:57:09,674][Thread-3:8824][task_id:torch.permission][permission.py:33][INFO][用户:zhangsan 访问 url: /torch/test/]
[2019-06-05 11:57:09,679][Thread-3:8824][task_id:torch.permission][permission.py:24][ERROR][用户：zhangsan 无访问/torch/test/的权限]
[2019-06-05 11:57:09,686][Thread-3:8824][task_id:django.request][log.py:228][WARNING][Forbidden: /torch/test/]
[2019-06-05 11:57:10,549][Thread-3:8824][task_id:torch.permission][permission.py:33][INFO][用户:zhangsan 访问 url: /torch/plant_status]
[2019-06-05 12:01:18,841][MainThread:13900][task_id:django.utils.autoreload][autoreload.py:203][INFO][D:\mygit\tmg\tmg\tmg\settings.py changed, reloading.]
[2019-06-05 12:01:23,311][MainThread:4068][task_id:django.utils.autoreload][autoreload.py:576][INFO][Watching for file changes with StatReloader]
[2019-06-05 12:02:02,527][MainThread:4068][task_id:django.utils.autoreload][autoreload.py:203][INFO][D:\mygit\tmg\tmg\tmg\settings.py changed, reloading.]
[2019-06-05 12:02:05,937][MainThread:9108][task_id:django.utils.autoreload][autoreload.py:576][INFO][Watching for file changes with StatReloader]
[2019-06-05 12:02:15,036][MainThread:9108][task_id:django.utils.autoreload][autoreload.py:203][INFO][D:\mygit\tmg\tmg\tmg\settings.py changed, reloading.]
[2019-06-05 12:02:17,627][MainThread:4068][task_id:django.utils.autoreload][autoreload.py:576][INFO][Watching for file changes with StatReloader]
[2019-06-05 12:02:23,570][Thread-1:4588][task_id:torch.permission][permission.py:33][INFO][用户:zhangsan 访问 url: /torch/]
[2019-06-05 12:02:27,335][Thread-1:4588][task_id:torch.permission][permission.py:33][INFO][用户:zhangsan 访问 url: /torch/test/]
[2019-06-05 12:02:27,341][Thread-1:4588][task_id:torch.permission][permission.py:24][ERROR][用户：zhangsan 无访问/torch/test/的权限]
[2019-06-05 12:02:27,346][Thread-1:4588][task_id:django.request][log.py:228][WARNING][Forbidden: /torch/test/]
[2019-06-05 12:02:28,153][Thread-1:4588][task_id:torch.permission][permission.py:33][INFO][用户:zhangsan 访问 url: /torch/plant_status]
[2019-06-05 12:03:05,905][Thread-1:4588][task_id:torch.permission][permission.py:33][INFO][用户:zhangsan 访问 url: /torch/]
[2019-06-05 12:04:11,473][MainThread:4068][task_id:django.utils.autoreload][autoreload.py:203][INFO][D:\mygit\tmg\tmg\tmg\settings.py changed, reloading.]
[2019-06-05 12:04:14,382][MainThread:14832][task_id:django.utils.autoreload][autoreload.py:576][INFO][Watching for file changes with StatReloader]
[2019-06-05 12:04:42,680][MainThread:14832][task_id:django.utils.autoreload][autoreload.py:203][INFO][D:\mygit\tmg\tmg\tmg\settings.py changed, reloading.]
[2019-06-05 12:04:45,626][MainThread:5964][task_id:django.utils.autoreload][autoreload.py:576][INFO][Watching for file changes with StatReloader]
[2019-06-05 13:09:33,908][MainThread:5964][task_id:django.utils.autoreload][autoreload.py:203][INFO][D:\mygit\tmg\tmg\tmg\settings.py changed, reloading.]
[2019-06-05 13:09:36,093][MainThread:7384][task_id:django.utils.autoreload][autoreload.py:576][INFO][Watching for file changes with StatReloader]
[2019-06-05 13:10:24,165][MainThread:7384][task_id:django.utils.autoreload][autoreload.py:203][INFO][D:\mygit\tmg\tmg\tmg\settings.py changed, reloading.]
[2019-06-05 13:10:25,788][MainThread:16900][task_id:django.utils.autoreload][autoreload.py:576][INFO][Watching for file changes with StatReloader]
[2019-06-05 13:10:41,727][MainThread:16900][task_id:django.utils.autoreload][autoreload.py:203][INFO][D:\mygit\tmg\tmg\tmg\settings.py changed, reloading.]
[2019-06-05 13:10:43,303][MainThread:10612][task_id:django.utils.autoreload][autoreload.py:576][INFO][Watching for file changes with StatReloader]
[2019-06-05 13:10:56,446][MainThread:10612][task_id:django.utils.autoreload][autoreload.py:203][INFO][D:\mygit\tmg\tmg\tmg\settings.py changed, reloading.]
[2019-06-05 13:10:58,047][MainThread:16952][task_id:django.utils.autoreload][autoreload.py:576][INFO][Watching for file changes with StatReloader]
[2019-06-05 13:11:23,334][MainThread:16952][task_id:django.utils.autoreload][autoreload.py:203][INFO][D:\mygit\tmg\tmg\tmg\settings.py changed, reloading.]
[2019-06-05 13:11:24,919][MainThread:15096][task_id:django.utils.autoreload][autoreload.py:576][INFO][Watching for file changes with StatReloader]
[2019-06-05 13:12:49,862][MainThread:15096][task_id:django.utils.autoreload][autoreload.py:203][INFO][D:\mygit\tmg\tmg\tmg\settings.py changed, reloading.]
[2019-06-05 13:12:52,136][MainThread:15812][task_id:django.utils.autoreload][autoreload.py:576][INFO][Watching for file changes with StatReloader]
[2019-06-05 13:12:55,131][MainThread:15812][task_id:django.utils.autoreload][autoreload.py:203][INFO][D:\mygit\tmg\tmg\tmg\settings.py changed, reloading.]
[2019-06-05 13:12:57,197][MainThread:16464][task_id:django.utils.autoreload][autoreload.py:576][INFO][Watching for file changes with StatReloader]
[2019-06-05 13:14:35,593][MainThread:16464][task_id:django.utils.autoreload][autoreload.py:203][INFO][D:\mygit\tmg\tmg\tmg\settings.py changed, reloading.]
[2019-06-05 13:14:37,216][MainThread:16184][task_id:django.utils.autoreload][autoreload.py:576][INFO][Watching for file changes with StatReloader]
[2019-06-05 13:14:50,003][MainThread:16184][task_id:django.utils.autoreload][autoreload.py:203][INFO][D:\mygit\tmg\tmg\tmg\settings.py changed, reloading.]
[2019-06-05 13:14:51,713][MainThread:8096][task_id:django.utils.autoreload][autoreload.py:576][INFO][Watching for file changes with StatReloader]
[2019-06-05 13:16:29,358][MainThread:8096][task_id:django.utils.autoreload][autoreload.py:203][INFO][D:\mygit\tmg\tmg\tmg\settings.py changed, reloading.]
[2019-06-05 13:16:31,163][MainThread:14372][task_id:django.utils.autoreload][autoreload.py:576][INFO][Watching for file changes with StatReloader]
[2019-06-05 13:18:13,197][Thread-1:15808][task_id:torch.permission][permission.py:33][INFO][用户:AnonymousUser 访问 url: /torch/]
[2019-06-05 13:18:13,265][Thread-1:15808][task_id:django.request][log.py:228][ERROR][Internal Server Error: /torch/]
Traceback (most recent call last):
  File "C:\Users\cheng\.virtualenvs\tmg-0JPmn_IR\lib\site-packages\django\core\handlers\exception.py", line 34, in inner
    response = get_response(request)
  File "C:\Users\cheng\.virtualenvs\tmg-0JPmn_IR\lib\site-packages\django\core\handlers\base.py", line 115, in _get_response
    response = self.process_exception_by_middleware(e, request)
  File "C:\Users\cheng\.virtualenvs\tmg-0JPmn_IR\lib\site-packages\django\core\handlers\base.py", line 113, in _get_response
    response = wrapped_callback(request, *callback_args, **callback_kwargs)
  File "D:\mygit\tmg\tmg\torch\permission.py", line 34, in wapper
    if perm_check(request, *args, **kwargs):  # 调用上面的权限验证方法
  File "D:\mygit\tmg\tmg\torch\permission.py", line 19, in perm_check
    get_perm = [item.permission.url for item in models.UserPermission.objects.filter(Q(user=request.user))]
  File "C:\Users\cheng\.virtualenvs\tmg-0JPmn_IR\lib\site-packages\django\db\models\manager.py", line 82, in manager_method
    return getattr(self.get_queryset(), name)(*args, **kwargs)
  File "C:\Users\cheng\.virtualenvs\tmg-0JPmn_IR\lib\site-packages\django\db\models\query.py", line 892, in filter
    return self._filter_or_exclude(False, *args, **kwargs)
  File "C:\Users\cheng\.virtualenvs\tmg-0JPmn_IR\lib\site-packages\django\db\models\query.py", line 910, in _filter_or_exclude
    clone.query.add_q(Q(*args, **kwargs))
  File "C:\Users\cheng\.virtualenvs\tmg-0JPmn_IR\lib\site-packages\django\db\models\sql\query.py", line 1290, in add_q
    clause, _ = self._add_q(q_object, self.used_aliases)
  File "C:\Users\cheng\.virtualenvs\tmg-0JPmn_IR\lib\site-packages\django\db\models\sql\query.py", line 1312, in _add_q
    current_negated, allow_joins, split_subq, simple_col)
  File "C:\Users\cheng\.virtualenvs\tmg-0JPmn_IR\lib\site-packages\django\db\models\sql\query.py", line 1318, in _add_q
    split_subq=split_subq, simple_col=simple_col,
  File "C:\Users\cheng\.virtualenvs\tmg-0JPmn_IR\lib\site-packages\django\db\models\sql\query.py", line 1224, in build_filter
    self.check_related_objects(join_info.final_field, value, join_info.opts)
  File "C:\Users\cheng\.virtualenvs\tmg-0JPmn_IR\lib\site-packages\django\db\models\sql\query.py", line 1086, in check_related_objects
    for v in value:
  File "C:\Users\cheng\.virtualenvs\tmg-0JPmn_IR\lib\site-packages\django\utils\functional.py", line 257, in inner
    return func(self._wrapped, *args)
TypeError: 'AnonymousUser' object is not iterable
[2019-06-05 13:18:44,287][Thread-1:15808][task_id:torch.permission][permission.py:33][INFO][用户:AnonymousUser 访问 url: /torch/plant_status]
[2019-06-05 13:18:44,346][Thread-1:15808][task_id:django.request][log.py:228][ERROR][Internal Server Error: /torch/plant_status]
Traceback (most recent call last):
  File "C:\Users\cheng\.virtualenvs\tmg-0JPmn_IR\lib\site-packages\django\core\handlers\exception.py", line 34, in inner
    response = get_response(request)
  File "C:\Users\cheng\.virtualenvs\tmg-0JPmn_IR\lib\site-packages\django\core\handlers\base.py", line 115, in _get_response
    response = self.process_exception_by_middleware(e, request)
  File "C:\Users\cheng\.virtualenvs\tmg-0JPmn_IR\lib\site-packages\django\core\handlers\base.py", line 113, in _get_response
    response = wrapped_callback(request, *callback_args, **callback_kwargs)
  File "D:\mygit\tmg\tmg\torch\permission.py", line 34, in wapper
    if perm_check(request, *args, **kwargs):  # 调用上面的权限验证方法
  File "D:\mygit\tmg\tmg\torch\permission.py", line 19, in perm_check
    get_perm = [item.permission.url for item in models.UserPermission.objects.filter(Q(user=request.user))]
  File "C:\Users\cheng\.virtualenvs\tmg-0JPmn_IR\lib\site-packages\django\db\models\manager.py", line 82, in manager_method
    return getattr(self.get_queryset(), name)(*args, **kwargs)
  File "C:\Users\cheng\.virtualenvs\tmg-0JPmn_IR\lib\site-packages\django\db\models\query.py", line 892, in filter
    return self._filter_or_exclude(False, *args, **kwargs)
  File "C:\Users\cheng\.virtualenvs\tmg-0JPmn_IR\lib\site-packages\django\db\models\query.py", line 910, in _filter_or_exclude
    clone.query.add_q(Q(*args, **kwargs))
  File "C:\Users\cheng\.virtualenvs\tmg-0JPmn_IR\lib\site-packages\django\db\models\sql\query.py", line 1290, in add_q
    clause, _ = self._add_q(q_object, self.used_aliases)
  File "C:\Users\cheng\.virtualenvs\tmg-0JPmn_IR\lib\site-packages\django\db\models\sql\query.py", line 1312, in _add_q
    current_negated, allow_joins, split_subq, simple_col)
  File "C:\Users\cheng\.virtualenvs\tmg-0JPmn_IR\lib\site-packages\django\db\models\sql\query.py", line 1318, in _add_q
    split_subq=split_subq, simple_col=simple_col,
  File "C:\Users\cheng\.virtualenvs\tmg-0JPmn_IR\lib\site-packages\django\db\models\sql\query.py", line 1224, in build_filter
    self.check_related_objects(join_info.final_field, value, join_info.opts)
  File "C:\Users\cheng\.virtualenvs\tmg-0JPmn_IR\lib\site-packages\django\db\models\sql\query.py", line 1086, in check_related_objects
    for v in value:
  File "C:\Users\cheng\.virtualenvs\tmg-0JPmn_IR\lib\site-packages\django\utils\functional.py", line 257, in inner
    return func(self._wrapped, *args)
TypeError: 'AnonymousUser' object is not iterable
[2019-06-05 13:19:46,467][MainThread:14372][task_id:django.utils.autoreload][autoreload.py:203][INFO][D:\mygit\tmg\tmg\torch\permission.py changed, reloading.]
[2019-06-05 13:19:48,223][MainThread:17152][task_id:django.utils.autoreload][autoreload.py:576][INFO][Watching for file changes with StatReloader]
[2019-06-05 13:20:01,129][Thread-1:15648][task_id:torch.permission][permission.py:33][INFO][用户:zhangsan 访问 url: /torch/test/]
[2019-06-05 13:20:01,190][Thread-1:15648][task_id:django.request][log.py:228][ERROR][Internal Server Error: /torch/test/]
Traceback (most recent call last):
  File "C:\Users\cheng\.virtualenvs\tmg-0JPmn_IR\lib\site-packages\django\core\handlers\exception.py", line 34, in inner
    response = get_response(request)
  File "C:\Users\cheng\.virtualenvs\tmg-0JPmn_IR\lib\site-packages\django\core\handlers\base.py", line 115, in _get_response
    response = self.process_exception_by_middleware(e, request)
  File "C:\Users\cheng\.virtualenvs\tmg-0JPmn_IR\lib\site-packages\django\core\handlers\base.py", line 113, in _get_response
    response = wrapped_callback(request, *callback_args, **callback_kwargs)
  File "D:\mygit\tmg\tmg\torch\permission.py", line 34, in wapper
    if perm_check(request, *args, **kwargs):  # 调用上面的权限验证方法
  File "D:\mygit\tmg\tmg\torch\permission.py", line 15, in perm_check
    if url_name and request.user and request.user.is_authenticated():
TypeError: 'bool' object is not callable
[2019-06-05 13:20:21,013][MainThread:17152][task_id:django.utils.autoreload][autoreload.py:203][INFO][D:\mygit\tmg\tmg\torch\permission.py changed, reloading.]
[2019-06-05 13:20:22,889][MainThread:2724][task_id:django.utils.autoreload][autoreload.py:576][INFO][Watching for file changes with StatReloader]
[2019-06-05 13:20:29,065][Thread-1:9828][task_id:torch.permission][permission.py:33][INFO][用户:zhangsan 访问 url: /torch/]
[2019-06-05 13:20:31,363][Thread-1:9828][task_id:torch.permission][permission.py:33][INFO][用户:zhangsan 访问 url: /torch/test/]
[2019-06-05 13:20:31,369][Thread-1:9828][task_id:torch.permission][permission.py:24][ERROR][用户：zhangsan 无访问/torch/test/的权限]
[2019-06-05 13:20:31,380][Thread-1:9828][task_id:django.request][log.py:228][WARNING][Forbidden: /torch/test/]
[2019-06-05 13:20:32,209][Thread-1:9828][task_id:torch.permission][permission.py:33][INFO][用户:zhangsan 访问 url: /torch/plant_status]
[2019-06-05 13:21:41,889][Thread-1:9828][task_id:torch.permission][permission.py:33][INFO][用户:AnonymousUser 访问 url: /torch/]
[2019-06-05 13:21:41,889][Thread-1:9828][task_id:torch.permission][permission.py:27][ERROR][无访问权限]
[2019-06-05 13:21:41,893][Thread-1:9828][task_id:django.request][log.py:228][WARNING][Forbidden: /torch/]
[2019-06-05 13:21:43,557][Thread-1:9828][task_id:torch.permission][permission.py:33][INFO][用户:AnonymousUser 访问 url: /torch/test/]
[2019-06-05 13:21:43,558][Thread-1:9828][task_id:torch.permission][permission.py:27][ERROR][无访问权限]
[2019-06-05 13:21:43,561][Thread-1:9828][task_id:django.request][log.py:228][WARNING][Forbidden: /torch/test/]
[2019-06-05 13:21:46,374][Thread-1:9828][task_id:torch.permission][permission.py:33][INFO][用户:AnonymousUser 访问 url: /torch/plant_status]
[2019-06-05 13:21:46,375][Thread-1:9828][task_id:torch.permission][permission.py:27][ERROR][无访问权限]
[2019-06-05 13:21:46,382][Thread-1:9828][task_id:django.request][log.py:228][WARNING][Forbidden: /torch/plant_status]
[2019-06-05 13:23:39,210][MainThread:2724][task_id:django.utils.autoreload][autoreload.py:203][INFO][D:\mygit\tmg\tmg\torch\permission.py changed, reloading.]
[2019-06-05 13:23:40,877][MainThread:14964][task_id:django.utils.autoreload][autoreload.py:576][INFO][Watching for file changes with StatReloader]
[2019-06-05 13:23:54,216][MainThread:14964][task_id:django.utils.autoreload][autoreload.py:203][INFO][D:\mygit\tmg\tmg\torch\permission.py changed, reloading.]
[2019-06-05 13:23:55,976][MainThread:14052][task_id:django.utils.autoreload][autoreload.py:576][INFO][Watching for file changes with StatReloader]
[2019-06-05 13:25:10,519][Thread-1:17016][task_id:torch.permission][permission.py:35][INFO][用户:AnonymousUser 访问 url: /torch/]
[2019-06-05 13:25:23,896][MainThread:14052][task_id:django.utils.autoreload][autoreload.py:203][INFO][D:\mygit\tmg\tmg\tmg\settings.py changed, reloading.]
[2019-06-05 13:25:25,614][MainThread:17392][task_id:django.utils.autoreload][autoreload.py:576][INFO][Watching for file changes with StatReloader]
[2019-06-05 13:25:41,143][Thread-1:15956][task_id:torch.permission][permission.py:35][INFO][用户:zhangsan 访问 url: /torch/plant_status]
[2019-06-05 13:25:43,284][Thread-1:15956][task_id:torch.permission][permission.py:35][INFO][用户:zhangsan 访问 url: /torch/test/]
[2019-06-05 13:25:43,299][Thread-1:15956][task_id:torch.permission][permission.py:26][ERROR][用户：zhangsan 无访问/torch/test/的权限]
[2019-06-05 13:25:43,309][Thread-1:15956][task_id:django.request][log.py:228][WARNING][Forbidden: /torch/test/]
[2019-06-05 13:25:46,150][Thread-1:15956][task_id:torch.permission][permission.py:35][INFO][用户:zhangsan 访问 url: /torch/]
[2019-06-05 13:26:26,188][Thread-1:15956][task_id:torch.permission][permission.py:35][INFO][用户:AnonymousUser 访问 url: /torch/]
[2019-06-05 13:26:27,735][Thread-1:15956][task_id:torch.permission][permission.py:35][INFO][用户:AnonymousUser 访问 url: /torch/test/]
[2019-06-05 13:26:28,986][Thread-1:15956][task_id:torch.permission][permission.py:35][INFO][用户:AnonymousUser 访问 url: /torch/plant_status]
[2019-06-05 13:27:16,157][MainThread:17392][task_id:django.utils.autoreload][autoreload.py:203][INFO][D:\mygit\tmg\tmg\torch\permission.py changed, reloading.]
[2019-06-05 13:27:17,838][MainThread:17364][task_id:django.utils.autoreload][autoreload.py:576][INFO][Watching for file changes with StatReloader]
[2019-06-05 13:27:38,799][Thread-1:8412][task_id:torch.permission][permission.py:36][INFO][用户:zhangsan 访问 url: /torch/]
[2019-06-05 13:27:42,395][Thread-1:8412][task_id:torch.permission][permission.py:36][INFO][用户:zhangsan 访问 url: /torch/test/]
[2019-06-05 13:27:42,401][Thread-1:8412][task_id:torch.permission][permission.py:27][ERROR][用户：zhangsan 无访问/torch/test/的权限]
[2019-06-05 13:27:42,417][Thread-1:8412][task_id:django.request][log.py:228][WARNING][Forbidden: /torch/test/]
[2019-06-05 13:27:45,542][Thread-1:8412][task_id:torch.permission][permission.py:36][INFO][用户:zhangsan 访问 url: /torch/plant_status]
[2019-06-05 13:28:41,478][Thread-1:8412][task_id:torch.permission][permission.py:36][INFO][用户:AnonymousUser 访问 url: /torch/]
[2019-06-05 13:29:06,925][MainThread:17364][task_id:django.utils.autoreload][autoreload.py:203][INFO][D:\mygit\tmg\tmg\torch\permission.py changed, reloading.]
[2019-06-05 13:29:08,601][MainThread:17072][task_id:django.utils.autoreload][autoreload.py:576][INFO][Watching for file changes with StatReloader]
[2019-06-05 13:33:56,102][Thread-1:9460][task_id:torch.permission][permission.py:36][INFO][用户:AnonymousUser 访问 url: /torch/]
[2019-06-05 13:35:38,077][MainThread:17072][task_id:django.utils.autoreload][autoreload.py:203][INFO][D:\mygit\tmg\tmg\torch\permission.py changed, reloading.]
[2019-06-05 13:35:39,781][MainThread:12028][task_id:django.utils.autoreload][autoreload.py:576][INFO][Watching for file changes with StatReloader]
[2019-06-05 13:36:34,398][Thread-1:15340][task_id:torch.permission][permission.py:37][INFO][用户:AnonymousUser 访问 url: /torch/]
[2019-06-05 13:37:50,322][MainThread:12028][task_id:django.utils.autoreload][autoreload.py:203][INFO][D:\mygit\tmg\tmg\torch\permission.py changed, reloading.]
[2019-06-05 13:37:52,000][MainThread:15992][task_id:django.utils.autoreload][autoreload.py:576][INFO][Watching for file changes with StatReloader]
[2019-06-05 13:39:32,462][Thread-1:17368][task_id:torch.permission][permission.py:36][INFO][用户:zhangsan 访问 url: /torch/plant_status]
[2019-06-05 13:39:34,761][Thread-1:17368][task_id:torch.permission][permission.py:36][INFO][用户:zhangsan 访问 url: /torch/test/]
[2019-06-05 13:39:34,766][Thread-1:17368][task_id:torch.permission][permission.py:27][ERROR][用户：zhangsan 无访问/torch/test/的权限]
[2019-06-05 13:39:36,357][Thread-1:17368][task_id:torch.permission][permission.py:36][INFO][用户:zhangsan 访问 url: /torch/]
[2019-06-05 13:40:01,479][Thread-1:17368][task_id:torch.permission][permission.py:36][INFO][用户:zhangsan 访问 url: /torch/]
[2019-06-05 13:40:04,407][Thread-1:17368][task_id:torch.permission][permission.py:36][INFO][用户:zhangsan 访问 url: /torch/test/]
[2019-06-05 13:40:04,410][Thread-1:17368][task_id:torch.permission][permission.py:27][ERROR][用户：zhangsan 无访问/torch/test/的权限]
[2019-06-05 13:40:13,304][Thread-1:17368][task_id:torch.permission][permission.py:36][INFO][用户:zhangsan 访问 url: /torch/test/]
[2019-06-05 13:40:13,309][Thread-1:17368][task_id:torch.permission][permission.py:27][ERROR][用户：zhangsan 无访问/torch/test/的权限]
[2019-06-05 13:40:15,405][Thread-1:17368][task_id:torch.permission][permission.py:36][INFO][用户:zhangsan 访问 url: /torch/test/]
[2019-06-05 13:40:15,409][Thread-1:17368][task_id:torch.permission][permission.py:27][ERROR][用户：zhangsan 无访问/torch/test/的权限]
[2019-06-05 13:40:39,952][MainThread:15992][task_id:django.utils.autoreload][autoreload.py:203][INFO][D:\mygit\tmg\tmg\torch\permission.py changed, reloading.]
[2019-06-05 13:40:41,706][MainThread:15480][task_id:django.utils.autoreload][autoreload.py:576][INFO][Watching for file changes with StatReloader]
[2019-06-05 13:41:00,281][Thread-1:14700][task_id:torch.permission][permission.py:36][INFO][用户:zhangsan 访问 url: /torch/]
[2019-06-05 13:41:26,825][Thread-1:14700][task_id:torch.permission][permission.py:36][INFO][用户:zhangsan 访问 url: /torch/test/]
[2019-06-05 13:41:26,829][Thread-1:14700][task_id:torch.permission][permission.py:27][ERROR][用户：zhangsan 无访问/torch/test/的权限]
[2019-06-05 13:42:30,808][MainThread:15480][task_id:django.utils.autoreload][autoreload.py:203][INFO][D:\mygit\tmg\tmg\torch\permission.py changed, reloading.]
[2019-06-05 13:42:32,466][MainThread:16420][task_id:django.utils.autoreload][autoreload.py:576][INFO][Watching for file changes with StatReloader]
[2019-06-05 13:43:09,464][Thread-1:9040][task_id:torch.permission][permission.py:35][INFO][用户:zhangsan 访问 url: /torch/]
[2019-06-05 13:43:33,920][MainThread:16420][task_id:django.utils.autoreload][autoreload.py:203][INFO][D:\mygit\tmg\tmg\torch\permission.py changed, reloading.]
[2019-06-05 13:43:35,599][MainThread:16648][task_id:django.utils.autoreload][autoreload.py:576][INFO][Watching for file changes with StatReloader]
[2019-06-05 13:43:41,094][Thread-1:17348][task_id:torch.permission][permission.py:35][INFO][用户:zhangsan 访问 url: /torch/plant_status]
[2019-06-05 13:43:41,148][Thread-1:17348][task_id:django.request][log.py:228][ERROR][Internal Server Error: /torch/plant_status]
Traceback (most recent call last):
  File "C:\Users\cheng\.virtualenvs\tmg-0JPmn_IR\lib\site-packages\django\core\handlers\exception.py", line 34, in inner
    response = get_response(request)
  File "C:\Users\cheng\.virtualenvs\tmg-0JPmn_IR\lib\site-packages\django\core\handlers\base.py", line 115, in _get_response
    response = self.process_exception_by_middleware(e, request)
  File "C:\Users\cheng\.virtualenvs\tmg-0JPmn_IR\lib\site-packages\django\core\handlers\base.py", line 113, in _get_response
    response = wrapped_callback(request, *callback_args, **callback_kwargs)
  File "D:\mygit\tmg\tmg\torch\permission.py", line 36, in wapper
    logger.info('------------------>', perm_check(request, *args, **kwargs)[0])
TypeError: 'bool' object is not subscriptable
[2019-06-05 13:44:09,587][MainThread:16648][task_id:django.utils.autoreload][autoreload.py:203][INFO][D:\mygit\tmg\tmg\torch\permission.py changed, reloading.]
[2019-06-05 13:44:11,309][MainThread:10912][task_id:django.utils.autoreload][autoreload.py:576][INFO][Watching for file changes with StatReloader]
[2019-06-05 13:44:31,997][MainThread:10912][task_id:django.utils.autoreload][autoreload.py:203][INFO][D:\mygit\tmg\tmg\torch\permission.py changed, reloading.]
[2019-06-05 13:44:33,706][MainThread:13744][task_id:django.utils.autoreload][autoreload.py:576][INFO][Watching for file changes with StatReloader]
[2019-06-05 13:44:51,515][Thread-1:15112][task_id:torch.permission][permission.py:35][INFO][用户:zhangsan 访问 url: /torch/test/]
[2019-06-05 13:44:51,518][Thread-1:15112][task_id:torch.permission][permission.py:26][ERROR][用户：zhangsan 无访问/torch/test/的权限]
[2019-06-05 13:45:11,458][MainThread:13744][task_id:django.utils.autoreload][autoreload.py:203][INFO][D:\mygit\tmg\tmg\torch\permission.py changed, reloading.]
[2019-06-05 13:45:13,077][MainThread:15796][task_id:django.utils.autoreload][autoreload.py:576][INFO][Watching for file changes with StatReloader]
[2019-06-05 13:45:29,225][Thread-1:16960][task_id:torch.permission][permission.py:35][INFO][用户:zhangsan 访问 url: /torch/test/]
[2019-06-05 13:45:29,229][Thread-1:16960][task_id:torch.permission][permission.py:26][ERROR][用户：zhangsan 无访问/torch/test/的权限]
[2019-06-05 13:45:29,230][Thread-1:16960][task_id:torch.permission][permission.py:37][INFO][------------------>False]
[2019-06-05 13:46:01,112][Thread-1:16960][task_id:torch.permission][permission.py:35][INFO][用户:AnonymousUser 访问 url: /torch/]
[2019-06-05 13:46:01,116][Thread-1:16960][task_id:torch.permission][permission.py:37][INFO][------------------>False]
[2019-06-05 13:47:03,791][Thread-1:16960][task_id:torch.permission][permission.py:35][INFO][用户:zhangsan 访问 url: /torch/]
[2019-06-05 13:47:03,795][Thread-1:16960][task_id:torch.permission][permission.py:37][INFO][------------------>True]
[2019-06-05 13:47:06,784][Thread-1:16960][task_id:torch.permission][permission.py:35][INFO][用户:zhangsan 访问 url: /torch/plant_status]
[2019-06-05 13:47:06,789][Thread-1:16960][task_id:torch.permission][permission.py:37][INFO][------------------>True]
[2019-06-05 13:47:09,497][Thread-1:16960][task_id:torch.permission][permission.py:35][INFO][用户:zhangsan 访问 url: /torch/test/]
[2019-06-05 13:47:09,501][Thread-1:16960][task_id:torch.permission][permission.py:26][ERROR][用户：zhangsan 无访问/torch/test/的权限]
[2019-06-05 13:47:09,501][Thread-1:16960][task_id:torch.permission][permission.py:37][INFO][------------------>False]
[2019-06-05 13:47:29,231][MainThread:15796][task_id:django.utils.autoreload][autoreload.py:203][INFO][D:\mygit\tmg\tmg\torch\permission.py changed, reloading.]
[2019-06-05 13:47:30,887][MainThread:14292][task_id:django.utils.autoreload][autoreload.py:576][INFO][Watching for file changes with StatReloader]
[2019-06-05 13:48:40,971][MainThread:14292][task_id:django.utils.autoreload][autoreload.py:203][INFO][D:\mygit\tmg\tmg\torch\permission.py changed, reloading.]
[2019-06-05 13:48:42,856][MainThread:17180][task_id:django.utils.autoreload][autoreload.py:576][INFO][Watching for file changes with StatReloader]
[2019-06-05 13:49:18,152][Thread-1:1216][task_id:torch.permission][permission.py:36][INFO][用户:AnonymousUser 访问 url: /torch/]
[2019-06-05 13:49:18,158][Thread-1:1216][task_id:django.request][log.py:228][WARNING][Forbidden: /torch/]
[2019-06-05 13:49:31,020][MainThread:17180][task_id:django.utils.autoreload][autoreload.py:203][INFO][D:\mygit\tmg\tmg\torch\permission.py changed, reloading.]
[2019-06-05 13:49:32,686][MainThread:6520][task_id:django.utils.autoreload][autoreload.py:576][INFO][Watching for file changes with StatReloader]
[2019-06-05 13:49:37,927][MainThread:6520][task_id:django.utils.autoreload][autoreload.py:203][INFO][D:\mygit\tmg\tmg\torch\permission.py changed, reloading.]
[2019-06-05 13:49:39,508][MainThread:14396][task_id:django.utils.autoreload][autoreload.py:576][INFO][Watching for file changes with StatReloader]
[2019-06-05 13:49:51,519][Thread-1:15392][task_id:torch.permission][permission.py:36][INFO][用户:zhangsan 访问 url: /torch/]
[2019-06-05 13:49:53,440][Thread-1:15392][task_id:torch.permission][permission.py:36][INFO][用户:zhangsan 访问 url: /torch/test/]
[2019-06-05 13:49:53,446][Thread-1:15392][task_id:torch.permission][permission.py:27][ERROR][用户：zhangsan 无访问/torch/test/的权限]
[2019-06-05 13:49:53,463][Thread-1:15392][task_id:django.request][log.py:228][WARNING][Forbidden: /torch/test/]
[2019-06-05 13:49:55,222][Thread-1:15392][task_id:torch.permission][permission.py:36][INFO][用户:zhangsan 访问 url: /torch/plant_status]
[2019-06-05 13:50:00,389][Thread-1:15392][task_id:torch.permission][permission.py:36][INFO][用户:zhangsan 访问 url: /torch/plant_status]
[2019-06-05 13:58:11,782][Thread-4:14948][task_id:torch.permission][permission.py:36][INFO][用户:zhangsan 访问 url: /torch/]
[2019-06-05 13:58:13,733][Thread-4:14948][task_id:torch.permission][permission.py:36][INFO][用户:zhangsan 访问 url: /torch/plant_status]
[2019-06-05 13:59:13,199][Thread-4:14948][task_id:torch.permission][permission.py:36][INFO][用户:zhangsan 访问 url: /torch/plant_status]
[2019-06-05 14:00:12,495][MainThread:14396][task_id:django.utils.autoreload][autoreload.py:203][INFO][D:\mygit\tmg\tmg\tmg\settings.py changed, reloading.]
[2019-06-05 14:00:14,135][MainThread:15904][task_id:django.utils.autoreload][autoreload.py:576][INFO][Watching for file changes with StatReloader]
[2019-06-05 14:00:17,480][Thread-1:12340][task_id:torch.permission][permission.py:36][INFO][用户:zhangsan 访问 url: /torch/plant_status]
[2019-06-05 14:01:07,978][Thread-1:12340][task_id:torch.permission][permission.py:36][INFO][用户:zhangsan 访问 url: /torch/plant_status]
[2019-06-05 14:02:07,474][MainThread:15904][task_id:django.utils.autoreload][autoreload.py:203][INFO][D:\mygit\tmg\tmg\torch\permission.py changed, reloading.]
[2019-06-05 14:02:09,132][MainThread:16332][task_id:django.utils.autoreload][autoreload.py:576][INFO][Watching for file changes with StatReloader]
[2019-06-05 14:15:38,672][Thread-1:17040][task_id:torch.permission][permission.py:35][INFO][用户:zhangsan 访问 url: /torch/plant_status]
[2019-06-05 14:25:25,491][MainThread:8048][task_id:django.utils.autoreload][autoreload.py:576][INFO][Watching for file changes with StatReloader]
[2019-06-05 14:26:27,661][MainThread:16676][task_id:django.utils.autoreload][autoreload.py:576][INFO][Watching for file changes with StatReloader]
[2019-06-05 14:26:49,619][Thread-1:16664][task_id:torch.permission][permission.py:35][INFO][用户:zhangsan 访问 url: /torch/plant_status]
[2019-06-05 14:35:13,262][Thread-4:14876][task_id:torch.permission][permission.py:35][INFO][用户:zhangsan 访问 url: /torch/plant_status]
[2019-06-05 14:35:58,537][Thread-9:10612][task_id:torch.permission][permission.py:35][INFO][用户:zhangsan 访问 url: /torch/plant_status]
[2019-06-05 14:36:27,024][Thread-10:3944][task_id:torch.permission][permission.py:35][INFO][用户:zhangsan 访问 url: /torch/plant_status]
[2019-06-05 14:36:30,754][Thread-12:2400][task_id:django.request][log.py:228][WARNING][Not Found: /favicon.ico]
[2019-06-05 14:36:32,005][Thread-12:2400][task_id:torch.permission][permission.py:35][INFO][用户:zhangsan 访问 url: /torch/plant_status]
[2019-06-05 14:38:34,250][Thread-18:16380][task_id:django.request][log.py:228][WARNING][Not Found: /favicon.ico]
[2019-06-05 14:38:35,305][Thread-18:16380][task_id:torch.permission][permission.py:35][INFO][用户:zhangsan 访问 url: /torch/plant_status]
[2019-06-05 14:40:14,741][MainThread:16676][task_id:django.utils.autoreload][autoreload.py:203][INFO][D:\mygit\tmg\tmg\torch\views.py changed, reloading.]
[2019-06-05 14:40:16,613][MainThread:7728][task_id:django.utils.autoreload][autoreload.py:576][INFO][Watching for file changes with StatReloader]
[2019-06-05 14:40:46,802][MainThread:7728][task_id:django.utils.autoreload][autoreload.py:203][INFO][D:\mygit\tmg\tmg\torch\views.py changed, reloading.]
[2019-06-05 14:40:48,479][MainThread:16916][task_id:django.utils.autoreload][autoreload.py:576][INFO][Watching for file changes with StatReloader]
[2019-06-05 14:40:54,681][Thread-1:16148][task_id:torch.permission][permission.py:35][INFO][用户:zhangsan 访问 url: /torch/plant_status]
[2019-06-05 14:44:43,748][Thread-4:14332][task_id:torch.permission][permission.py:35][INFO][用户:zhangsan 访问 url: /torch/plant_status]
[2019-06-05 14:46:03,246][MainThread:16916][task_id:django.utils.autoreload][autoreload.py:203][INFO][D:\mygit\tmg\tmg\lib\http_util.py changed, reloading.]
[2019-06-05 14:46:04,897][MainThread:15924][task_id:django.utils.autoreload][autoreload.py:576][INFO][Watching for file changes with StatReloader]
[2019-06-05 14:46:45,296][Thread-1:16968][task_id:torch.permission][permission.py:35][INFO][用户:zhangsan 访问 url: /torch/plant_status]
[2019-06-05 14:47:12,665][MainThread:15924][task_id:django.utils.autoreload][autoreload.py:203][INFO][D:\mygit\tmg\tmg\lib\server.py changed, reloading.]
[2019-06-05 14:47:14,367][MainThread:10016][task_id:django.utils.autoreload][autoreload.py:576][INFO][Watching for file changes with StatReloader]
[2019-06-05 14:47:20,485][Thread-1:11720][task_id:torch.permission][permission.py:35][INFO][用户:zhangsan 访问 url: /torch/plant_status]
[2019-06-05 14:48:14,323][MainThread:10016][task_id:django.utils.autoreload][autoreload.py:203][INFO][D:\mygit\tmg\tmg\torch\views.py changed, reloading.]
[2019-06-05 14:48:16,081][MainThread:5564][task_id:django.utils.autoreload][autoreload.py:576][INFO][Watching for file changes with StatReloader]
[2019-06-05 14:48:25,770][MainThread:5564][task_id:django.utils.autoreload][autoreload.py:203][INFO][D:\mygit\tmg\tmg\lib\http_util.py changed, reloading.]
[2019-06-05 14:48:27,423][MainThread:224][task_id:django.utils.autoreload][autoreload.py:576][INFO][Watching for file changes with StatReloader]
[2019-06-05 14:48:35,152][Thread-1:10016][task_id:torch.permission][permission.py:35][INFO][用户:zhangsan 访问 url: /torch/plant_status]
[2019-06-05 14:49:57,722][Thread-1:10016][task_id:torch.permission][permission.py:35][INFO][用户:zhangsan 访问 url: /torch/plant_status]
[2019-06-05 14:50:08,673][Thread-1:10016][task_id:torch.permission][permission.py:35][INFO][用户:zhangsan 访问 url: /torch/plant_status]
[2019-06-05 14:50:28,441][Thread-1:10016][task_id:torch.permission][permission.py:35][INFO][用户:zhangsan 访问 url: /torch/plant_status]
[2019-06-05 14:50:48,975][Thread-1:10016][task_id:torch.permission][permission.py:35][INFO][用户:zhangsan 访问 url: /torch/plant_status]
[2019-06-05 14:50:56,887][Thread-1:10016][task_id:torch.permission][permission.py:35][INFO][用户:zhangsan 访问 url: /torch/plant_status]
[2019-06-05 14:51:06,721][Thread-1:10016][task_id:torch.permission][permission.py:35][INFO][用户:zhangsan 访问 url: /torch/plant_status]
[2019-06-05 15:53:08,632][Thread-4:14524][task_id:torch.permission][permission.py:35][INFO][用户:zhangsan 访问 url: /torch/plant_status]
[2019-06-05 16:01:28,347][Thread-7:17304][task_id:torch.permission][permission.py:35][INFO][用户:zhangsan 访问 url: /torch/plant_status]
[2019-06-05 16:05:53,146][Thread-7:17304][task_id:torch.permission][permission.py:35][INFO][用户:zhangsan 访问 url: /torch/plant_status]
[2019-06-05 16:06:56,762][Thread-14:8008][task_id:torch.permission][permission.py:35][INFO][用户:zhangsan 访问 url: /torch/plant_status]
[2019-06-05 16:08:18,397][MainThread:224][task_id:django.utils.autoreload][autoreload.py:203][INFO][D:\mygit\tmg\tmg\torch\views.py changed, reloading.]
[2019-06-05 16:08:20,030][MainThread:15100][task_id:django.utils.autoreload][autoreload.py:576][INFO][Watching for file changes with StatReloader]
[2019-06-05 16:10:30,290][Thread-1:14968][task_id:torch.permission][permission.py:35][INFO][用户:zhangsan 访问 url: /torch/plant_status]
[2019-06-05 16:14:12,616][Thread-1:14968][task_id:django.request][log.py:228][WARNING][Not Found: /favicon.ico]
[2019-06-05 16:14:13,605][Thread-1:14968][task_id:torch.permission][permission.py:35][INFO][用户:zhangsan 访问 url: /torch/plant_status]
[2019-06-05 16:17:23,974][Thread-10:14400][task_id:torch.permission][permission.py:35][INFO][用户:zhangsan 访问 url: /torch/plant_status]
[2019-06-05 16:18:00,177][Thread-12:14180][task_id:torch.permission][permission.py:35][INFO][用户:zhangsan 访问 url: /torch/plant_status]
[2019-06-05 16:20:49,666][Thread-16:6316][task_id:django.request][log.py:228][WARNING][Not Found: /favicon.ico]
[2019-06-05 17:01:50,257][Thread-19:13012][task_id:torch.permission][permission.py:35][INFO][用户:AnonymousUser 访问 url: /torch/plant_status]
[2019-06-05 17:01:50,263][Thread-19:13012][task_id:django.request][log.py:228][WARNING][Forbidden: /torch/plant_status]
[2019-06-05 17:01:55,637][Thread-19:13012][task_id:torch.permission][permission.py:35][INFO][用户:zhangsan 访问 url: /torch/plant_status]
[2019-06-05 17:01:56,057][Thread-19:13012][task_id:django.request][log.py:228][ERROR][Internal Server Error: /torch/plant_status]
Traceback (most recent call last):
  File "C:\Users\cheng\.virtualenvs\tmg-0JPmn_IR\lib\site-packages\django\core\handlers\exception.py", line 34, in inner
    response = get_response(request)
  File "C:\Users\cheng\.virtualenvs\tmg-0JPmn_IR\lib\site-packages\django\core\handlers\base.py", line 115, in _get_response
    response = self.process_exception_by_middleware(e, request)
  File "C:\Users\cheng\.virtualenvs\tmg-0JPmn_IR\lib\site-packages\django\core\handlers\base.py", line 113, in _get_response
    response = wrapped_callback(request, *callback_args, **callback_kwargs)
  File "D:\mygit\tmg\tmg\torch\permission.py", line 37, in wapper
    return fun(request, *args, **kwargs)
  File "D:\mygit\tmg\tmg\torch\views.py", line 24, in plant_status
    return render(request, 'torch/plant_status.html', context)
  File "C:\Users\cheng\.virtualenvs\tmg-0JPmn_IR\lib\site-packages\django\shortcuts.py", line 36, in render
    content = loader.render_to_string(template_name, context, request, using=using)
  File "C:\Users\cheng\.virtualenvs\tmg-0JPmn_IR\lib\site-packages\django\template\loader.py", line 61, in render_to_string
    template = get_template(template_name, using=using)
  File "C:\Users\cheng\.virtualenvs\tmg-0JPmn_IR\lib\site-packages\django\template\loader.py", line 15, in get_template
    return engine.get_template(template_name)
  File "C:\Users\cheng\.virtualenvs\tmg-0JPmn_IR\lib\site-packages\django\template\backends\django.py", line 34, in get_template
    return Template(self.engine.get_template(template_name), self)
  File "C:\Users\cheng\.virtualenvs\tmg-0JPmn_IR\lib\site-packages\django\template\engine.py", line 143, in get_template
    template, origin = self.find_template(template_name)
  File "C:\Users\cheng\.virtualenvs\tmg-0JPmn_IR\lib\site-packages\django\template\engine.py", line 125, in find_template
    template = loader.get_template(name, skip=skip)
  File "C:\Users\cheng\.virtualenvs\tmg-0JPmn_IR\lib\site-packages\django\template\loaders\base.py", line 30, in get_template
    contents, origin, origin.template_name, self.engine,
  File "C:\Users\cheng\.virtualenvs\tmg-0JPmn_IR\lib\site-packages\django\template\base.py", line 156, in __init__
    self.nodelist = self.compile_nodelist()
  File "C:\Users\cheng\.virtualenvs\tmg-0JPmn_IR\lib\site-packages\django\template\base.py", line 194, in compile_nodelist
    return parser.parse()
  File "C:\Users\cheng\.virtualenvs\tmg-0JPmn_IR\lib\site-packages\django\template\base.py", line 478, in parse
    raise self.error(token, e)
  File "C:\Users\cheng\.virtualenvs\tmg-0JPmn_IR\lib\site-packages\django\template\base.py", line 476, in parse
    compiled_result = compile_func(self, token)
  File "C:\Users\cheng\.virtualenvs\tmg-0JPmn_IR\lib\site-packages\django\template\defaulttags.py", line 811, in do_for
    nodelist_loop = parser.parse(('empty', 'endfor',))
  File "C:\Users\cheng\.virtualenvs\tmg-0JPmn_IR\lib\site-packages\django\template\base.py", line 449, in parse
    raise self.error(token, e)
  File "C:\Users\cheng\.virtualenvs\tmg-0JPmn_IR\lib\site-packages\django\template\base.py", line 447, in parse
    filter_expression = self.compile_filter(token.contents)
  File "C:\Users\cheng\.virtualenvs\tmg-0JPmn_IR\lib\site-packages\django\template\base.py", line 563, in compile_filter
    return FilterExpression(token, self)
  File "C:\Users\cheng\.virtualenvs\tmg-0JPmn_IR\lib\site-packages\django\template\base.py", line 658, in __init__
    self.args_check(filter_name, filter_func, args)
  File "C:\Users\cheng\.virtualenvs\tmg-0JPmn_IR\lib\site-packages\django\template\base.py", line 718, in args_check
    (name, alen - dlen, plen))
django.template.exceptions.TemplateSyntaxError: center requires 2 arguments, 1 provided
[2019-06-05 17:02:36,745][Thread-19:13012][task_id:torch.permission][permission.py:35][INFO][用户:zhangsan 访问 url: /torch/plant_status]
[2019-06-05 17:21:29,531][Thread-21:15976][task_id:django.request][log.py:228][WARNING][Not Found: /favicon.ico]
[2019-06-05 17:21:30,876][Thread-21:15976][task_id:torch.permission][permission.py:35][INFO][用户:zhangsan 访问 url: /torch/plant_status]
[2019-06-05 17:25:03,308][Thread-23:1704][task_id:torch.permission][permission.py:35][INFO][用户:zhangsan 访问 url: /torch/plant_status]
[2019-06-05 17:25:08,330][Thread-23:1704][task_id:torch.permission][permission.py:35][INFO][用户:zhangsan 访问 url: /torch/plant_status]
[2019-06-05 17:27:30,851][Thread-23:1704][task_id:torch.permission][permission.py:35][INFO][用户:zhangsan 访问 url: /torch/plant_status]
[2019-06-05 17:29:06,835][Thread-23:1704][task_id:torch.permission][permission.py:35][INFO][用户:zhangsan 访问 url: /torch/plant_status]
[2019-06-05 17:31:50,858][Thread-23:1704][task_id:torch.permission][permission.py:35][INFO][用户:zhangsan 访问 url: /torch/plant_status]
[2019-06-05 17:35:35,763][Thread-23:1704][task_id:torch.permission][permission.py:35][INFO][用户:zhangsan 访问 url: /torch/plant_status]
[2019-06-05 17:36:21,753][Thread-23:1704][task_id:torch.permission][permission.py:35][INFO][用户:zhangsan 访问 url: /torch/plant_status]
[2019-06-05 17:37:08,419][Thread-23:1704][task_id:torch.permission][permission.py:35][INFO][用户:zhangsan 访问 url: /torch/plant_status]
[2019-06-05 17:38:20,314][Thread-23:1704][task_id:torch.permission][permission.py:35][INFO][用户:zhangsan 访问 url: /torch/plant_status]
[2019-06-05 17:39:05,037][Thread-23:1704][task_id:torch.permission][permission.py:35][INFO][用户:zhangsan 访问 url: /torch/plant_status]
[2019-06-05 17:39:46,130][Thread-23:1704][task_id:torch.permission][permission.py:35][INFO][用户:zhangsan 访问 url: /torch/plant_status]
[2019-06-05 17:40:54,798][Thread-29:15572][task_id:torch.permission][permission.py:35][INFO][用户:zhangsan 访问 url: /torch/plant_status]
[2019-06-05 17:43:08,109][Thread-31:8008][task_id:torch.permission][permission.py:35][INFO][用户:zhangsan 访问 url: /torch/plant_status]
[2019-06-05 17:44:00,850][Thread-31:8008][task_id:torch.permission][permission.py:35][INFO][用户:zhangsan 访问 url: /torch/plant_status]
[2019-06-05 17:44:48,597][Thread-31:8008][task_id:torch.permission][permission.py:35][INFO][用户:zhangsan 访问 url: /torch/plant_status]
[2019-06-05 17:45:06,578][Thread-31:8008][task_id:torch.permission][permission.py:35][INFO][用户:zhangsan 访问 url: /torch/plant_status]
[2019-06-05 17:45:18,818][Thread-31:8008][task_id:torch.permission][permission.py:35][INFO][用户:zhangsan 访问 url: /torch/plant_status]
[2019-06-05 17:47:05,604][Thread-31:8008][task_id:torch.permission][permission.py:35][INFO][用户:zhangsan 访问 url: /torch/plant_status]
[2019-06-05 17:47:38,288][Thread-31:8008][task_id:torch.permission][permission.py:35][INFO][用户:zhangsan 访问 url: /torch/plant_status]
[2019-06-05 17:47:57,949][Thread-31:8008][task_id:torch.permission][permission.py:35][INFO][用户:zhangsan 访问 url: /torch/plant_status]
[2019-06-05 17:48:12,706][Thread-31:8008][task_id:torch.permission][permission.py:35][INFO][用户:zhangsan 访问 url: /torch/plant_status]
[2019-06-05 17:49:04,005][Thread-31:8008][task_id:torch.permission][permission.py:35][INFO][用户:zhangsan 访问 url: /torch/plant_status]
[2019-06-05 17:50:15,745][Thread-31:8008][task_id:torch.permission][permission.py:35][INFO][用户:zhangsan 访问 url: /torch/plant_status]
[2019-06-05 17:52:31,490][Thread-31:8008][task_id:torch.permission][permission.py:35][INFO][用户:zhangsan 访问 url: /torch/plant_status]
[2019-06-05 17:52:52,907][Thread-31:8008][task_id:torch.permission][permission.py:35][INFO][用户:zhangsan 访问 url: /torch/plant_status]
[2019-06-05 17:53:50,747][Thread-31:8008][task_id:torch.permission][permission.py:35][INFO][用户:zhangsan 访问 url: /torch/plant_status]
[2019-06-05 17:54:27,346][Thread-31:8008][task_id:torch.permission][permission.py:35][INFO][用户:zhangsan 访问 url: /torch/plant_status]
[2019-06-05 17:55:16,139][Thread-31:8008][task_id:torch.permission][permission.py:35][INFO][用户:zhangsan 访问 url: /torch/plant_status]
[2019-06-05 17:55:47,826][Thread-31:8008][task_id:torch.permission][permission.py:35][INFO][用户:zhangsan 访问 url: /torch/plant_status]
[2019-06-05 17:56:08,370][Thread-31:8008][task_id:torch.permission][permission.py:35][INFO][用户:zhangsan 访问 url: /torch/plant_status]
[2019-06-05 17:57:10,690][Thread-31:8008][task_id:torch.permission][permission.py:35][INFO][用户:zhangsan 访问 url: /torch/plant_status]
[2019-06-05 17:59:06,225][Thread-31:8008][task_id:torch.permission][permission.py:35][INFO][用户:zhangsan 访问 url: /torch/]
[2019-06-05 17:59:37,064][Thread-31:8008][task_id:torch.permission][permission.py:35][INFO][用户:zhangsan 访问 url: /torch/]
[2019-06-05 18:01:08,167][Thread-31:8008][task_id:torch.permission][permission.py:35][INFO][用户:zhangsan 访问 url: /torch/plant_status]
[2019-06-05 18:01:49,138][Thread-31:8008][task_id:torch.permission][permission.py:35][INFO][用户:zhangsan 访问 url: /torch/plant_status]
[2019-06-05 18:01:49,510][Thread-31:8008][task_id:django.request][log.py:228][ERROR][Internal Server Error: /torch/plant_status]
Traceback (most recent call last):
  File "C:\Users\cheng\.virtualenvs\tmg-0JPmn_IR\lib\site-packages\django\core\handlers\exception.py", line 34, in inner
    response = get_response(request)
  File "C:\Users\cheng\.virtualenvs\tmg-0JPmn_IR\lib\site-packages\django\core\handlers\base.py", line 115, in _get_response
    response = self.process_exception_by_middleware(e, request)
  File "C:\Users\cheng\.virtualenvs\tmg-0JPmn_IR\lib\site-packages\django\core\handlers\base.py", line 113, in _get_response
    response = wrapped_callback(request, *callback_args, **callback_kwargs)
  File "D:\mygit\tmg\tmg\torch\permission.py", line 37, in wapper
    return fun(request, *args, **kwargs)
  File "D:\mygit\tmg\tmg\torch\views.py", line 24, in plant_status
    return render(request, 'torch/plant_status.html', context)
  File "C:\Users\cheng\.virtualenvs\tmg-0JPmn_IR\lib\site-packages\django\shortcuts.py", line 36, in render
    content = loader.render_to_string(template_name, context, request, using=using)
  File "C:\Users\cheng\.virtualenvs\tmg-0JPmn_IR\lib\site-packages\django\template\loader.py", line 61, in render_to_string
    template = get_template(template_name, using=using)
  File "C:\Users\cheng\.virtualenvs\tmg-0JPmn_IR\lib\site-packages\django\template\loader.py", line 15, in get_template
    return engine.get_template(template_name)
  File "C:\Users\cheng\.virtualenvs\tmg-0JPmn_IR\lib\site-packages\django\template\backends\django.py", line 34, in get_template
    return Template(self.engine.get_template(template_name), self)
  File "C:\Users\cheng\.virtualenvs\tmg-0JPmn_IR\lib\site-packages\django\template\engine.py", line 143, in get_template
    template, origin = self.find_template(template_name)
  File "C:\Users\cheng\.virtualenvs\tmg-0JPmn_IR\lib\site-packages\django\template\engine.py", line 125, in find_template
    template = loader.get_template(name, skip=skip)
  File "C:\Users\cheng\.virtualenvs\tmg-0JPmn_IR\lib\site-packages\django\template\loaders\base.py", line 30, in get_template
    contents, origin, origin.template_name, self.engine,
  File "C:\Users\cheng\.virtualenvs\tmg-0JPmn_IR\lib\site-packages\django\template\base.py", line 156, in __init__
    self.nodelist = self.compile_nodelist()
  File "C:\Users\cheng\.virtualenvs\tmg-0JPmn_IR\lib\site-packages\django\template\base.py", line 194, in compile_nodelist
    return parser.parse()
  File "C:\Users\cheng\.virtualenvs\tmg-0JPmn_IR\lib\site-packages\django\template\base.py", line 478, in parse
    raise self.error(token, e)
  File "C:\Users\cheng\.virtualenvs\tmg-0JPmn_IR\lib\site-packages\django\template\base.py", line 476, in parse
    compiled_result = compile_func(self, token)
  File "C:\Users\cheng\.virtualenvs\tmg-0JPmn_IR\lib\site-packages\django\template\defaulttags.py", line 811, in do_for
    nodelist_loop = parser.parse(('empty', 'endfor',))
  File "C:\Users\cheng\.virtualenvs\tmg-0JPmn_IR\lib\site-packages\django\template\base.py", line 449, in parse
    raise self.error(token, e)
  File "C:\Users\cheng\.virtualenvs\tmg-0JPmn_IR\lib\site-packages\django\template\base.py", line 447, in parse
    filter_expression = self.compile_filter(token.contents)
  File "C:\Users\cheng\.virtualenvs\tmg-0JPmn_IR\lib\site-packages\django\template\base.py", line 563, in compile_filter
    return FilterExpression(token, self)
  File "C:\Users\cheng\.virtualenvs\tmg-0JPmn_IR\lib\site-packages\django\template\base.py", line 658, in __init__
    self.args_check(filter_name, filter_func, args)
  File "C:\Users\cheng\.virtualenvs\tmg-0JPmn_IR\lib\site-packages\django\template\base.py", line 718, in args_check
    (name, alen - dlen, plen))
django.template.exceptions.TemplateSyntaxError: center requires 2 arguments, 1 provided
[2019-06-05 18:02:07,745][Thread-31:8008][task_id:torch.permission][permission.py:35][INFO][用户:zhangsan 访问 url: /torch/plant_status]
[2019-06-05 18:17:30,963][Thread-33:10296][task_id:torch.permission][permission.py:35][INFO][用户:AnonymousUser 访问 url: /torch/]
[2019-06-05 18:17:30,966][Thread-33:10296][task_id:django.request][log.py:228][WARNING][Forbidden: /torch/]
[2019-06-05 18:17:31,982][Thread-33:10296][task_id:torch.permission][permission.py:35][INFO][用户:AnonymousUser 访问 url: /torch/test/]
[2019-06-05 18:17:31,984][Thread-33:10296][task_id:django.request][log.py:228][WARNING][Forbidden: /torch/test/]
[2019-06-05 18:17:39,590][Thread-33:10296][task_id:torch.permission][permission.py:35][INFO][用户:zhangsan 访问 url: /torch/plant_status]
[2019-06-07 12:38:28,087][MainThread:15288][task_id:django.utils.autoreload][autoreload.py:576][INFO][Watching for file changes with StatReloader]
[2019-06-07 12:39:26,734][Thread-8:22552][task_id:django.request][log.py:228][WARNING][Not Found: /favicon.ico]
[2019-06-07 12:39:28,764][Thread-8:22552][task_id:torch.permission][permission.py:35][INFO][用户:zhangsan 访问 url: /torch/plant_status]
[2019-06-07 12:40:17,141][Thread-5:25392][task_id:torch.permission][permission.py:35][INFO][用户:zhangsan 访问 url: /torch/test/]
[2019-06-07 12:40:17,145][Thread-5:25392][task_id:torch.permission][permission.py:26][ERROR][用户：zhangsan 无访问/torch/test/的权限]
[2019-06-07 12:40:17,158][Thread-5:25392][task_id:django.request][log.py:228][WARNING][Forbidden: /torch/test/]
[2019-06-07 12:40:18,237][Thread-5:25392][task_id:torch.permission][permission.py:35][INFO][用户:zhangsan 访问 url: /torch/]
[2019-06-07 12:44:43,249][Thread-8:22552][task_id:django.request][log.py:228][WARNING][Not Found: /favicon.ico]
[2019-06-07 12:44:45,463][Thread-8:22552][task_id:torch.permission][permission.py:35][INFO][用户:zhangsan 访问 url: /torch/plant_status]
[2019-06-07 12:44:45,932][Thread-8:22552][task_id:django.request][log.py:228][ERROR][Internal Server Error: /torch/plant_status]
Traceback (most recent call last):
  File "C:\Users\cheng\.virtualenvs\tmg-0JPmn_IR\lib\site-packages\django\template\backends\django.py", line 61, in render
    return self.template.render(context)
  File "C:\Users\cheng\.virtualenvs\tmg-0JPmn_IR\lib\site-packages\django\template\base.py", line 171, in render
    return self._render(context)
  File "C:\Users\cheng\.virtualenvs\tmg-0JPmn_IR\lib\site-packages\django\template\base.py", line 163, in _render
    return self.nodelist.render(context)
  File "C:\Users\cheng\.virtualenvs\tmg-0JPmn_IR\lib\site-packages\django\template\base.py", line 937, in render
    bit = node.render_annotated(context)
  File "C:\Users\cheng\.virtualenvs\tmg-0JPmn_IR\lib\site-packages\django\template\base.py", line 904, in render_annotated
    return self.render(context)
  File "C:\Users\cheng\.virtualenvs\tmg-0JPmn_IR\lib\site-packages\django\template\loader_tags.py", line 127, in render
    compiled_parent = self.get_parent(context)
  File "C:\Users\cheng\.virtualenvs\tmg-0JPmn_IR\lib\site-packages\django\template\loader_tags.py", line 124, in get_parent
    return self.find_template(parent, context)
  File "C:\Users\cheng\.virtualenvs\tmg-0JPmn_IR\lib\site-packages\django\template\loader_tags.py", line 104, in find_template
    template_name, skip=history,
  File "C:\Users\cheng\.virtualenvs\tmg-0JPmn_IR\lib\site-packages\django\template\engine.py", line 129, in find_template
    raise TemplateDoesNotExist(name, tried=tried)
django.template.exceptions.TemplateDoesNotExist: blog/base.html

The above exception was the direct cause of the following exception:

Traceback (most recent call last):
  File "C:\Users\cheng\.virtualenvs\tmg-0JPmn_IR\lib\site-packages\django\core\handlers\exception.py", line 34, in inner
    response = get_response(request)
  File "C:\Users\cheng\.virtualenvs\tmg-0JPmn_IR\lib\site-packages\django\core\handlers\base.py", line 115, in _get_response
    response = self.process_exception_by_middleware(e, request)
  File "C:\Users\cheng\.virtualenvs\tmg-0JPmn_IR\lib\site-packages\django\core\handlers\base.py", line 113, in _get_response
    response = wrapped_callback(request, *callback_args, **callback_kwargs)
  File "D:\mygit\tmg\tmg\torch\permission.py", line 37, in wapper
    return fun(request, *args, **kwargs)
  File "D:\mygit\tmg\tmg\torch\views.py", line 24, in plant_status
    return render(request, 'torch/plant_status.html', context)
  File "C:\Users\cheng\.virtualenvs\tmg-0JPmn_IR\lib\site-packages\django\shortcuts.py", line 36, in render
    content = loader.render_to_string(template_name, context, request, using=using)
  File "C:\Users\cheng\.virtualenvs\tmg-0JPmn_IR\lib\site-packages\django\template\loader.py", line 62, in render_to_string
    return template.render(context, request)
  File "C:\Users\cheng\.virtualenvs\tmg-0JPmn_IR\lib\site-packages\django\template\backends\django.py", line 63, in render
    reraise(exc, self.backend)
  File "C:\Users\cheng\.virtualenvs\tmg-0JPmn_IR\lib\site-packages\django\template\backends\django.py", line 84, in reraise
    raise new from exc
django.template.exceptions.TemplateDoesNotExist: blog/base.html
[2019-06-07 12:45:09,942][Thread-8:22552][task_id:torch.permission][permission.py:35][INFO][用户:zhangsan 访问 url: /torch/plant_status]
[2019-06-07 12:45:45,764][Thread-8:22552][task_id:torch.permission][permission.py:35][INFO][用户:zhangsan 访问 url: /torch/]
[2019-06-07 12:46:44,011][MainThread:15288][task_id:django.utils.autoreload][autoreload.py:203][INFO][D:\mygit\tmg\tmg\torch\views.py changed, reloading.]
[2019-06-07 12:46:47,307][MainThread:4040][task_id:django.utils.autoreload][autoreload.py:576][INFO][Watching for file changes with StatReloader]
[2019-06-07 12:46:52,662][Thread-1:22812][task_id:torch.permission][permission.py:35][INFO][用户:zhangsan 访问 url: /torch/]
[2019-06-07 12:46:55,332][Thread-1:22812][task_id:torch.permission][permission.py:35][INFO][用户:zhangsan 访问 url: /torch/test/]
[2019-06-07 12:46:55,338][Thread-1:22812][task_id:torch.permission][permission.py:26][ERROR][用户：zhangsan 无访问/torch/test/的权限]
[2019-06-07 12:46:55,350][Thread-1:22812][task_id:django.request][log.py:228][WARNING][Forbidden: /torch/test/]
[2019-06-07 13:01:34,912][MainThread:30712][task_id:django.utils.autoreload][autoreload.py:576][INFO][Watching for file changes with StatReloader]
[2019-06-07 13:03:53,111][MainThread:30712][task_id:django.utils.autoreload][autoreload.py:203][INFO][D:\mygit\tmg\tmg\torch\views.py changed, reloading.]
[2019-06-07 13:03:55,769][MainThread:30632][task_id:django.utils.autoreload][autoreload.py:576][INFO][Watching for file changes with StatReloader]
[2019-06-07 13:05:34,483][MainThread:30632][task_id:django.utils.autoreload][autoreload.py:203][INFO][D:\mygit\tmg\tmg\torch\views.py changed, reloading.]
[2019-06-07 13:05:37,836][MainThread:23864][task_id:django.utils.autoreload][autoreload.py:576][INFO][Watching for file changes with StatReloader]
[2019-06-07 13:05:49,514][Thread-1:29096][task_id:torch.permission][permission.py:35][INFO][用户:zhangsan 访问 url: /torch/]
[2019-06-07 13:05:49,575][Thread-1:29096][task_id:django.request][log.py:228][ERROR][Internal Server Error: /torch/]
Traceback (most recent call last):
  File "C:\Users\cheng\.virtualenvs\tmg-0JPmn_IR\lib\site-packages\django\core\handlers\exception.py", line 34, in inner
    response = get_response(request)
  File "C:\Users\cheng\.virtualenvs\tmg-0JPmn_IR\lib\site-packages\django\core\handlers\base.py", line 115, in _get_response
    response = self.process_exception_by_middleware(e, request)
  File "C:\Users\cheng\.virtualenvs\tmg-0JPmn_IR\lib\site-packages\django\core\handlers\base.py", line 113, in _get_response
    response = wrapped_callback(request, *callback_args, **callback_kwargs)
  File "D:\mygit\tmg\tmg\torch\permission.py", line 37, in wapper
    return fun(request, *args, **kwargs)
  File "D:\mygit\tmg\tmg\torch\views.py", line 15, in index
    Utils().get_fh()
TypeError: get_fh() missing 1 required positional argument: 'plant'
[2019-06-07 13:06:02,329][MainThread:23864][task_id:django.utils.autoreload][autoreload.py:203][INFO][D:\mygit\tmg\tmg\torch\views.py changed, reloading.]
[2019-06-07 13:06:05,692][MainThread:23468][task_id:django.utils.autoreload][autoreload.py:576][INFO][Watching for file changes with StatReloader]
[2019-06-07 13:06:10,446][Thread-1:29392][task_id:torch.permission][permission.py:35][INFO][用户:zhangsan 访问 url: /torch/]
[2019-06-07 13:06:10,451][Thread-1:29392][task_id:torch.utils][utils.py:18][INFO][65 get units]
[2019-06-07 13:07:26,321][MainThread:23468][task_id:django.utils.autoreload][autoreload.py:203][INFO][D:\mygit\tmg\tmg\torch\views.py changed, reloading.]
[2019-06-07 13:07:29,336][MainThread:28912][task_id:django.utils.autoreload][autoreload.py:576][INFO][Watching for file changes with StatReloader]
[2019-06-07 13:08:46,124][MainThread:28912][task_id:django.utils.autoreload][autoreload.py:203][INFO][D:\mygit\tmg\tmg\torch\views.py changed, reloading.]
[2019-06-07 13:08:48,595][MainThread:30196][task_id:django.utils.autoreload][autoreload.py:576][INFO][Watching for file changes with StatReloader]
[2019-06-07 13:08:54,930][Thread-1:25340][task_id:torch.permission][permission.py:35][INFO][用户:zhangsan 访问 url: /torch/]
[2019-06-07 13:08:54,936][Thread-1:25340][task_id:torch.utils][utils.py:18][INFO][65 get units]
[2019-06-07 13:09:26,603][Thread-1:25340][task_id:torch.permission][permission.py:35][INFO][用户:zhangsan 访问 url: /torch/]
[2019-06-07 13:09:26,606][Thread-1:25340][task_id:torch.utils][utils.py:18][INFO][65 get units]
[2019-06-07 13:10:50,824][MainThread:30196][task_id:django.utils.autoreload][autoreload.py:203][INFO][D:\mygit\tmg\tmg\torch\utils.py changed, reloading.]
[2019-06-07 13:10:53,382][MainThread:27220][task_id:django.utils.autoreload][autoreload.py:576][INFO][Watching for file changes with StatReloader]
[2019-06-07 13:21:30,055][MainThread:27220][task_id:django.utils.autoreload][autoreload.py:203][INFO][D:\mygit\tmg\tmg\torch\utils.py changed, reloading.]
[2019-06-07 13:21:33,283][MainThread:11832][task_id:django.utils.autoreload][autoreload.py:576][INFO][Watching for file changes with StatReloader]
[2019-06-07 13:25:55,909][MainThread:11832][task_id:django.utils.autoreload][autoreload.py:203][INFO][D:\mygit\tmg\tmg\torch\utils.py changed, reloading.]
[2019-06-07 13:25:58,501][MainThread:30180][task_id:django.utils.autoreload][autoreload.py:576][INFO][Watching for file changes with StatReloader]
[2019-06-07 13:27:02,202][MainThread:30180][task_id:django.utils.autoreload][autoreload.py:203][INFO][D:\mygit\tmg\tmg\torch\utils.py changed, reloading.]
[2019-06-07 13:27:04,695][MainThread:17644][task_id:django.utils.autoreload][autoreload.py:576][INFO][Watching for file changes with StatReloader]
[2019-06-07 13:28:53,713][MainThread:17644][task_id:django.utils.autoreload][autoreload.py:203][INFO][D:\mygit\tmg\tmg\torch\utils.py changed, reloading.]
[2019-06-07 13:28:56,153][MainThread:24828][task_id:django.utils.autoreload][autoreload.py:576][INFO][Watching for file changes with StatReloader]
[2019-06-07 13:29:02,223][MainThread:24828][task_id:django.utils.autoreload][autoreload.py:203][INFO][D:\mygit\tmg\tmg\torch\utils.py changed, reloading.]
[2019-06-07 13:29:04,586][MainThread:29492][task_id:django.utils.autoreload][autoreload.py:576][INFO][Watching for file changes with StatReloader]
[2019-06-07 13:29:12,534][MainThread:29492][task_id:django.utils.autoreload][autoreload.py:203][INFO][D:\mygit\tmg\tmg\torch\utils.py changed, reloading.]
[2019-06-07 13:29:15,653][MainThread:27264][task_id:django.utils.autoreload][autoreload.py:576][INFO][Watching for file changes with StatReloader]
[2019-06-07 13:29:20,327][Thread-1:27440][task_id:torch.permission][permission.py:35][INFO][用户:AnonymousUser 访问 url: /torch/]
[2019-06-07 13:29:20,334][Thread-1:27440][task_id:django.request][log.py:228][WARNING][Forbidden: /torch/]
[2019-06-07 13:29:25,598][Thread-1:27440][task_id:torch.permission][permission.py:35][INFO][用户:zhangsan 访问 url: /torch/]
[2019-06-07 13:29:25,601][Thread-1:27440][task_id:torch.utils][utils.py:18][INFO][start get plant_id: 65 of fh]
[2019-06-07 13:30:47,262][MainThread:27264][task_id:django.utils.autoreload][autoreload.py:203][INFO][D:\mygit\tmg\tmg\torch\utils.py changed, reloading.]
[2019-06-07 13:30:49,857][MainThread:28928][task_id:django.utils.autoreload][autoreload.py:576][INFO][Watching for file changes with StatReloader]
[2019-06-07 13:30:59,684][MainThread:28928][task_id:django.utils.autoreload][autoreload.py:203][INFO][D:\mygit\tmg\tmg\torch\utils.py changed, reloading.]
[2019-06-07 13:31:02,673][MainThread:31728][task_id:django.utils.autoreload][autoreload.py:576][INFO][Watching for file changes with StatReloader]
[2019-06-07 13:31:19,501][MainThread:31728][task_id:django.utils.autoreload][autoreload.py:203][INFO][D:\mygit\tmg\tmg\torch\utils.py changed, reloading.]
[2019-06-07 13:31:22,473][MainThread:24908][task_id:django.utils.autoreload][autoreload.py:576][INFO][Watching for file changes with StatReloader]
[2019-06-07 13:32:33,118][MainThread:24908][task_id:django.utils.autoreload][autoreload.py:203][INFO][D:\mygit\tmg\tmg\torch\utils.py changed, reloading.]
[2019-06-07 13:32:35,522][MainThread:29772][task_id:django.utils.autoreload][autoreload.py:576][INFO][Watching for file changes with StatReloader]
[2019-06-07 13:33:00,148][MainThread:29772][task_id:django.utils.autoreload][autoreload.py:203][INFO][D:\mygit\tmg\tmg\torch\utils.py changed, reloading.]
[2019-06-07 13:33:03,093][MainThread:30840][task_id:django.utils.autoreload][autoreload.py:576][INFO][Watching for file changes with StatReloader]
[2019-06-07 13:33:10,372][Thread-1:22948][task_id:torch.permission][permission.py:35][INFO][用户:zhangsan 访问 url: /torch/]
[2019-06-07 13:33:10,376][Thread-1:22948][task_id:torch.utils][utils.py:18][INFO][start get plant_id: 65 of fh]
[2019-06-07 13:33:50,891][MainThread:30840][task_id:django.utils.autoreload][autoreload.py:203][INFO][D:\mygit\tmg\tmg\torch\utils.py changed, reloading.]
[2019-06-07 13:33:53,435][MainThread:28928][task_id:django.utils.autoreload][autoreload.py:576][INFO][Watching for file changes with StatReloader]
[2019-06-07 13:33:57,434][Thread-1:31324][task_id:torch.permission][permission.py:35][INFO][用户:zhangsan 访问 url: /torch/]
[2019-06-07 13:33:57,437][Thread-1:31324][task_id:torch.utils][utils.py:18][INFO][start get plant_id: 65 of fh]
[2019-06-07 13:35:36,457][MainThread:28928][task_id:django.utils.autoreload][autoreload.py:203][INFO][D:\mygit\tmg\tmg\torch\utils.py changed, reloading.]
[2019-06-07 13:35:39,020][MainThread:30936][task_id:django.utils.autoreload][autoreload.py:576][INFO][Watching for file changes with StatReloader]
[2019-06-07 13:38:39,320][MainThread:30936][task_id:django.utils.autoreload][autoreload.py:203][INFO][D:\mygit\tmg\tmg\torch\utils.py changed, reloading.]
[2019-06-07 13:38:41,855][MainThread:25644][task_id:django.utils.autoreload][autoreload.py:576][INFO][Watching for file changes with StatReloader]
[2019-06-07 13:39:11,410][MainThread:25644][task_id:django.utils.autoreload][autoreload.py:203][INFO][D:\mygit\tmg\tmg\torch\utils.py changed, reloading.]
[2019-06-07 13:39:13,835][MainThread:31608][task_id:django.utils.autoreload][autoreload.py:576][INFO][Watching for file changes with StatReloader]
[2019-06-07 13:39:18,070][Thread-1:27020][task_id:torch.permission][permission.py:35][INFO][用户:zhangsan 访问 url: /torch/]
[2019-06-07 13:39:18,077][Thread-1:27020][task_id:torch.utils][utils.py:19][INFO][start get plant_id: 65 of fh]
[2019-06-07 13:39:27,247][Thread-1:27020][task_id:django.request][log.py:228][ERROR][Internal Server Error: /torch/]
Traceback (most recent call last):
  File "C:\Users\cheng\.virtualenvs\tmg-0JPmn_IR\lib\site-packages\django\core\handlers\exception.py", line 34, in inner
    response = get_response(request)
  File "C:\Users\cheng\.virtualenvs\tmg-0JPmn_IR\lib\site-packages\django\core\handlers\base.py", line 115, in _get_response
    response = self.process_exception_by_middleware(e, request)
  File "C:\Users\cheng\.virtualenvs\tmg-0JPmn_IR\lib\site-packages\django\core\handlers\base.py", line 113, in _get_response
    response = wrapped_callback(request, *callback_args, **callback_kwargs)
  File "D:\mygit\tmg\tmg\torch\permission.py", line 37, in wapper
    return fun(request, *args, **kwargs)
  File "D:\mygit\tmg\tmg\torch\views.py", line 15, in index
    context = {'data': Utils().get_fh(65)}
  File "D:\mygit\tmg\tmg\torch\utils.py", line 40, in get_fh
    res[key].append({_name: self.server.get_his_data(_code, start_time, end_time) for _name, _code in item.items()})
AttributeError: 'list' object has no attribute 'items'
[2019-06-07 13:41:21,796][MainThread:31608][task_id:django.utils.autoreload][autoreload.py:203][INFO][D:\mygit\tmg\tmg\torch\utils.py changed, reloading.]
[2019-06-07 13:41:24,716][MainThread:24684][task_id:django.utils.autoreload][autoreload.py:576][INFO][Watching for file changes with StatReloader]
[2019-06-07 13:42:05,627][MainThread:24684][task_id:django.utils.autoreload][autoreload.py:203][INFO][D:\mygit\tmg\tmg\torch\utils.py changed, reloading.]
[2019-06-07 13:42:08,858][MainThread:20944][task_id:django.utils.autoreload][autoreload.py:576][INFO][Watching for file changes with StatReloader]
[2019-06-07 13:42:12,882][Thread-1:24616][task_id:torch.permission][permission.py:35][INFO][用户:zhangsan 访问 url: /torch/]
[2019-06-07 13:42:12,888][Thread-1:24616][task_id:torch.utils][utils.py:19][INFO][start get plant_id: 65 of fh]
[2019-06-07 13:43:39,100][MainThread:20944][task_id:django.utils.autoreload][autoreload.py:203][INFO][D:\mygit\tmg\tmg\torch\utils.py changed, reloading.]
[2019-06-07 13:43:41,612][MainThread:29524][task_id:django.utils.autoreload][autoreload.py:576][INFO][Watching for file changes with StatReloader]
[2019-06-07 13:43:53,403][MainThread:29524][task_id:django.utils.autoreload][autoreload.py:203][INFO][D:\mygit\tmg\tmg\torch\views.py changed, reloading.]
[2019-06-07 13:43:56,486][MainThread:19836][task_id:django.utils.autoreload][autoreload.py:576][INFO][Watching for file changes with StatReloader]
[2019-06-07 13:44:04,854][Thread-1:25624][task_id:torch.permission][permission.py:35][INFO][用户:zhangsan 访问 url: /torch/]
[2019-06-07 13:44:04,857][Thread-1:25624][task_id:torch.utils][utils.py:19][INFO][start get plant_id: 65 of fh]
[2019-06-07 13:44:23,586][MainThread:19836][task_id:django.utils.autoreload][autoreload.py:203][INFO][D:\mygit\tmg\tmg\torch\utils.py changed, reloading.]
[2019-06-07 13:44:26,869][MainThread:31808][task_id:django.utils.autoreload][autoreload.py:576][INFO][Watching for file changes with StatReloader]
[2019-06-07 13:44:31,010][Thread-1:32464][task_id:torch.permission][permission.py:35][INFO][用户:zhangsan 访问 url: /torch/]
[2019-06-07 13:44:31,015][Thread-1:32464][task_id:torch.utils][utils.py:19][INFO][start get plant_id: 65 of fh]
[2019-06-07 13:44:49,999][MainThread:31808][task_id:django.utils.autoreload][autoreload.py:203][INFO][D:\mygit\tmg\tmg\torch\utils.py changed, reloading.]
[2019-06-07 13:44:53,093][MainThread:32160][task_id:django.utils.autoreload][autoreload.py:576][INFO][Watching for file changes with StatReloader]
[2019-06-07 13:45:08,414][MainThread:32160][task_id:django.utils.autoreload][autoreload.py:203][INFO][D:\mygit\tmg\tmg\torch\utils.py changed, reloading.]
[2019-06-07 13:45:11,693][MainThread:30920][task_id:django.utils.autoreload][autoreload.py:576][INFO][Watching for file changes with StatReloader]
[2019-06-07 13:47:15,847][Thread-1:24980][task_id:torch.permission][permission.py:35][INFO][用户:zhangsan 访问 url: /torch/plant_status]
[2019-06-07 13:47:26,887][Thread-1:24980][task_id:django.request][log.py:228][WARNING][Not Found: /favicon.ico]
[2019-06-07 13:47:29,154][Thread-1:24980][task_id:torch.permission][permission.py:35][INFO][用户:zhangsan 访问 url: /torch/plant_status]
[2019-06-07 13:47:57,072][Thread-1:24980][task_id:torch.permission][permission.py:35][INFO][用户:zhangsan 访问 url: /torch/]
[2019-06-07 13:47:57,077][Thread-1:24980][task_id:torch.utils][utils.py:19][INFO][start get plant_id: 65 of fh]
[2019-06-07 13:49:47,223][Thread-1:24980][task_id:torch.permission][permission.py:35][INFO][用户:zhangsan 访问 url: /torch/]
[2019-06-07 13:49:47,226][Thread-1:24980][task_id:torch.utils][utils.py:19][INFO][start get plant_id: 65 of fh]
[2019-06-07 13:51:52,769][Thread-9:22808][task_id:torch.permission][permission.py:35][INFO][用户:zhangsan 访问 url: /torch/]
[2019-06-07 13:51:52,772][Thread-9:22808][task_id:torch.utils][utils.py:19][INFO][start get plant_id: 65 of fh]
[2019-06-07 13:59:40,053][Thread-14:27372][task_id:torch.permission][permission.py:35][INFO][用户:zhangsan 访问 url: /torch/]
[2019-06-07 13:59:40,057][Thread-14:27372][task_id:torch.utils][utils.py:19][INFO][start get plant_id: 65 of fh]
[2019-06-07 13:59:53,491][Thread-16:13144][task_id:torch.permission][permission.py:35][INFO][用户:zhangsan 访问 url: /torch/]
[2019-06-07 13:59:53,494][Thread-16:13144][task_id:torch.utils][utils.py:19][INFO][start get plant_id: 65 of fh]
[2019-06-07 14:01:26,573][Thread-19:20928][task_id:torch.permission][permission.py:35][INFO][用户:zhangsan 访问 url: /torch/]
[2019-06-07 14:01:26,579][Thread-19:20928][task_id:torch.utils][utils.py:19][INFO][start get plant_id: 65 of fh]
[2019-06-07 14:02:03,810][Thread-21:8692][task_id:torch.permission][permission.py:35][INFO][用户:zhangsan 访问 url: /torch/]
[2019-06-07 14:02:03,816][Thread-21:8692][task_id:torch.utils][utils.py:19][INFO][start get plant_id: 65 of fh]
[2019-06-07 14:04:21,195][Thread-23:28048][task_id:torch.permission][permission.py:35][INFO][用户:zhangsan 访问 url: /torch/]
[2019-06-07 14:04:21,200][Thread-23:28048][task_id:torch.utils][utils.py:19][INFO][start get plant_id: 65 of fh]
[2019-06-07 14:06:06,602][Thread-25:31752][task_id:torch.permission][permission.py:35][INFO][用户:zhangsan 访问 url: /torch/]
[2019-06-07 14:06:06,609][Thread-25:31752][task_id:torch.utils][utils.py:19][INFO][start get plant_id: 65 of fh]
[2019-06-10 16:56:38,261][MainThread:8520][task_id:django.utils.autoreload][autoreload.py:576][INFO][Watching for file changes with StatReloader]
[2019-06-10 16:56:54,397][Thread-4:2192][task_id:django.request][log.py:228][WARNING][Not Found: /favicon.ico]
[2019-06-10 16:56:55,649][Thread-4:2192][task_id:torch.permission][permission.py:35][INFO][用户:zhangsan 访问 url: /torch/]
[2019-06-10 16:56:55,652][Thread-4:2192][task_id:torch.utils][utils.py:19][INFO][start get plant_id: 65 of fh]
[2019-06-10 16:57:21,465][Thread-6:17328][task_id:torch.permission][permission.py:35][INFO][用户:zhangsan 访问 url: /torch/plant_status]
[2019-06-10 17:00:33,051][Thread-6:17328][task_id:torch.permission][permission.py:35][INFO][用户:zhangsan 访问 url: /torch/test/]
[2019-06-10 17:00:33,055][Thread-6:17328][task_id:torch.permission][permission.py:26][ERROR][用户：zhangsan 无访问/torch/test/的权限]
[2019-06-10 17:00:33,066][Thread-6:17328][task_id:django.request][log.py:228][WARNING][Forbidden: /torch/test/]
[2019-06-10 17:00:38,328][Thread-6:17328][task_id:torch.permission][permission.py:35][INFO][用户:zhangsan 访问 url: /torch/plant_status]
[2019-06-10 17:00:59,077][Thread-6:17328][task_id:torch.permission][permission.py:35][INFO][用户:zhangsan 访问 url: /torch/]
[2019-06-10 17:00:59,081][Thread-6:17328][task_id:torch.utils][utils.py:19][INFO][start get plant_id: 65 of fh]
[2019-06-10 17:19:34,630][Thread-7:18228][task_id:torch.permission][permission.py:35][INFO][用户:AnonymousUser 访问 url: /torch/]
[2019-06-10 17:19:34,634][Thread-7:18228][task_id:django.request][log.py:228][WARNING][Forbidden: /torch/]
[2019-06-10 17:19:39,578][Thread-7:18228][task_id:torch.permission][permission.py:35][INFO][用户:zhangsan 访问 url: /torch/]
[2019-06-10 17:19:39,594][Thread-7:18228][task_id:torch.utils][utils.py:19][INFO][start get plant_id: 65 of fh]
[2019-06-10 17:20:31,211][Thread-7:18228][task_id:django.request][log.py:228][WARNING][Not Found: /favicon.ico]
[2019-06-10 17:20:32,308][Thread-7:18228][task_id:torch.permission][permission.py:35][INFO][用户:zhangsan 访问 url: /torch/]
[2019-06-10 17:20:32,311][Thread-7:18228][task_id:torch.utils][utils.py:19][INFO][start get plant_id: 65 of fh]
[2019-06-10 17:26:07,453][Thread-14:344][task_id:torch.permission][permission.py:35][INFO][用户:zhangsan 访问 url: /torch/]
[2019-06-10 17:26:07,455][Thread-14:344][task_id:torch.utils][utils.py:19][INFO][start get plant_id: 65 of fh]
[2019-06-10 17:26:09,213][Thread-14:344][task_id:django.request][log.py:228][ERROR][Internal Server Error: /torch/]
Traceback (most recent call last):
  File "C:\Users\cheng\.virtualenvs\tmg-0JPmn_IR\lib\site-packages\django\core\handlers\exception.py", line 34, in inner
    response = get_response(request)
  File "C:\Users\cheng\.virtualenvs\tmg-0JPmn_IR\lib\site-packages\django\core\handlers\base.py", line 115, in _get_response
    response = self.process_exception_by_middleware(e, request)
  File "C:\Users\cheng\.virtualenvs\tmg-0JPmn_IR\lib\site-packages\django\core\handlers\base.py", line 113, in _get_response
    response = wrapped_callback(request, *callback_args, **callback_kwargs)
  File "D:\mygit\tmg\tmg\torch\permission.py", line 37, in wapper
    return fun(request, *args, **kwargs)
  File "D:\mygit\tmg\tmg\torch\views.py", line 16, in index
    return render(request, 'torch/torch-index.html', context)
  File "C:\Users\cheng\.virtualenvs\tmg-0JPmn_IR\lib\site-packages\django\shortcuts.py", line 36, in render
    content = loader.render_to_string(template_name, context, request, using=using)
  File "C:\Users\cheng\.virtualenvs\tmg-0JPmn_IR\lib\site-packages\django\template\loader.py", line 61, in render_to_string
    template = get_template(template_name, using=using)
  File "C:\Users\cheng\.virtualenvs\tmg-0JPmn_IR\lib\site-packages\django\template\loader.py", line 15, in get_template
    return engine.get_template(template_name)
  File "C:\Users\cheng\.virtualenvs\tmg-0JPmn_IR\lib\site-packages\django\template\backends\django.py", line 34, in get_template
    return Template(self.engine.get_template(template_name), self)
  File "C:\Users\cheng\.virtualenvs\tmg-0JPmn_IR\lib\site-packages\django\template\engine.py", line 143, in get_template
    template, origin = self.find_template(template_name)
  File "C:\Users\cheng\.virtualenvs\tmg-0JPmn_IR\lib\site-packages\django\template\engine.py", line 125, in find_template
    template = loader.get_template(name, skip=skip)
  File "C:\Users\cheng\.virtualenvs\tmg-0JPmn_IR\lib\site-packages\django\template\loaders\base.py", line 30, in get_template
    contents, origin, origin.template_name, self.engine,
  File "C:\Users\cheng\.virtualenvs\tmg-0JPmn_IR\lib\site-packages\django\template\base.py", line 156, in __init__
    self.nodelist = self.compile_nodelist()
  File "C:\Users\cheng\.virtualenvs\tmg-0JPmn_IR\lib\site-packages\django\template\base.py", line 194, in compile_nodelist
    return parser.parse()
  File "C:\Users\cheng\.virtualenvs\tmg-0JPmn_IR\lib\site-packages\django\template\base.py", line 478, in parse
    raise self.error(token, e)
  File "C:\Users\cheng\.virtualenvs\tmg-0JPmn_IR\lib\site-packages\django\template\base.py", line 476, in parse
    compiled_result = compile_func(self, token)
  File "C:\Users\cheng\.virtualenvs\tmg-0JPmn_IR\lib\site-packages\django\template\loader_tags.py", line 266, in do_extends
    nodelist = parser.parse()
  File "C:\Users\cheng\.virtualenvs\tmg-0JPmn_IR\lib\site-packages\django\template\base.py", line 478, in parse
    raise self.error(token, e)
  File "C:\Users\cheng\.virtualenvs\tmg-0JPmn_IR\lib\site-packages\django\template\base.py", line 476, in parse
    compiled_result = compile_func(self, token)
  File "C:\Users\cheng\.virtualenvs\tmg-0JPmn_IR\lib\site-packages\django\template\defaulttags.py", line 810, in do_for
    sequence = parser.compile_filter(bits[in_index + 1])
  File "C:\Users\cheng\.virtualenvs\tmg-0JPmn_IR\lib\site-packages\django\template\base.py", line 563, in compile_filter
    return FilterExpression(token, self)
  File "C:\Users\cheng\.virtualenvs\tmg-0JPmn_IR\lib\site-packages\django\template\base.py", line 663, in __init__
    "from '%s'" % (token[upto:], token))
django.template.exceptions.TemplateSyntaxError: Could not parse the remainder: '()' from 'data.items()'
[2019-06-10 17:35:32,059][Thread-16:13160][task_id:torch.permission][permission.py:35][INFO][用户:AnonymousUser 访问 url: /torch/]
[2019-06-10 17:35:32,062][Thread-16:13160][task_id:django.request][log.py:228][WARNING][Forbidden: /torch/]
[2019-06-10 17:35:36,013][Thread-16:13160][task_id:torch.permission][permission.py:35][INFO][用户:zhangsan 访问 url: /torch/]
[2019-06-10 17:35:36,016][Thread-16:13160][task_id:torch.utils][utils.py:19][INFO][start get plant_id: 65 of fh]
[2019-06-10 17:36:09,508][Thread-16:13160][task_id:torch.permission][permission.py:35][INFO][用户:zhangsan 访问 url: /torch/]
[2019-06-10 17:36:09,521][Thread-16:13160][task_id:torch.utils][utils.py:19][INFO][start get plant_id: 65 of fh]
[2019-06-10 17:37:59,810][Thread-16:13160][task_id:torch.permission][permission.py:35][INFO][用户:zhangsan 访问 url: /torch/]
[2019-06-10 17:37:59,812][Thread-16:13160][task_id:torch.utils][utils.py:19][INFO][start get plant_id: 65 of fh]
[2019-06-10 17:38:35,118][Thread-19:11668][task_id:torch.permission][permission.py:35][INFO][用户:zhangsan 访问 url: /torch/]
[2019-06-10 17:38:35,120][Thread-19:11668][task_id:torch.utils][utils.py:19][INFO][start get plant_id: 65 of fh]
[2019-06-10 17:41:06,330][Thread-24:16988][task_id:torch.permission][permission.py:35][INFO][用户:zhangsan 访问 url: /torch/]
[2019-06-10 17:41:06,332][Thread-24:16988][task_id:torch.utils][utils.py:19][INFO][start get plant_id: 65 of fh]
[2019-06-10 19:57:02,755][MainThread:12420][task_id:django.utils.autoreload][autoreload.py:576][INFO][Watching for file changes with StatReloader]
[2019-06-10 19:57:10,935][Thread-1:2592][task_id:django.request][log.py:228][WARNING][Not Found: /favicon.ico]
[2019-06-10 19:57:11,911][Thread-1:2592][task_id:torch.permission][permission.py:35][INFO][用户:zhangsan 访问 url: /torch/]
[2019-06-10 19:57:11,916][Thread-1:2592][task_id:torch.utils][utils.py:19][INFO][start get plant_id: 65 of fh]
[2019-06-10 19:57:22,126][Thread-1:2592][task_id:django.request][log.py:228][ERROR][Internal Server Error: /torch/]
Traceback (most recent call last):
  File "C:\Users\cheng\.virtualenvs\tmg-0JPmn_IR\lib\site-packages\django\template\base.py", line 470, in parse
    compile_func = self.tags[command]
KeyError: 'endblock'

During handling of the above exception, another exception occurred:

Traceback (most recent call last):
  File "C:\Users\cheng\.virtualenvs\tmg-0JPmn_IR\lib\site-packages\django\core\handlers\exception.py", line 34, in inner
    response = get_response(request)
  File "C:\Users\cheng\.virtualenvs\tmg-0JPmn_IR\lib\site-packages\django\core\handlers\base.py", line 115, in _get_response
    response = self.process_exception_by_middleware(e, request)
  File "C:\Users\cheng\.virtualenvs\tmg-0JPmn_IR\lib\site-packages\django\core\handlers\base.py", line 113, in _get_response
    response = wrapped_callback(request, *callback_args, **callback_kwargs)
  File "D:\mygit\tmg\tmg\torch\permission.py", line 37, in wapper
    return fun(request, *args, **kwargs)
  File "D:\mygit\tmg\tmg\torch\views.py", line 16, in index
    return render(request, 'torch/torch-index.html', context)
  File "C:\Users\cheng\.virtualenvs\tmg-0JPmn_IR\lib\site-packages\django\shortcuts.py", line 36, in render
    content = loader.render_to_string(template_name, context, request, using=using)
  File "C:\Users\cheng\.virtualenvs\tmg-0JPmn_IR\lib\site-packages\django\template\loader.py", line 61, in render_to_string
    template = get_template(template_name, using=using)
  File "C:\Users\cheng\.virtualenvs\tmg-0JPmn_IR\lib\site-packages\django\template\loader.py", line 15, in get_template
    return engine.get_template(template_name)
  File "C:\Users\cheng\.virtualenvs\tmg-0JPmn_IR\lib\site-packages\django\template\backends\django.py", line 34, in get_template
    return Template(self.engine.get_template(template_name), self)
  File "C:\Users\cheng\.virtualenvs\tmg-0JPmn_IR\lib\site-packages\django\template\engine.py", line 143, in get_template
    template, origin = self.find_template(template_name)
  File "C:\Users\cheng\.virtualenvs\tmg-0JPmn_IR\lib\site-packages\django\template\engine.py", line 125, in find_template
    template = loader.get_template(name, skip=skip)
  File "C:\Users\cheng\.virtualenvs\tmg-0JPmn_IR\lib\site-packages\django\template\loaders\base.py", line 30, in get_template
    contents, origin, origin.template_name, self.engine,
  File "C:\Users\cheng\.virtualenvs\tmg-0JPmn_IR\lib\site-packages\django\template\base.py", line 156, in __init__
    self.nodelist = self.compile_nodelist()
  File "C:\Users\cheng\.virtualenvs\tmg-0JPmn_IR\lib\site-packages\django\template\base.py", line 194, in compile_nodelist
    return parser.parse()
  File "C:\Users\cheng\.virtualenvs\tmg-0JPmn_IR\lib\site-packages\django\template\base.py", line 478, in parse
    raise self.error(token, e)
  File "C:\Users\cheng\.virtualenvs\tmg-0JPmn_IR\lib\site-packages\django\template\base.py", line 476, in parse
    compiled_result = compile_func(self, token)
  File "C:\Users\cheng\.virtualenvs\tmg-0JPmn_IR\lib\site-packages\django\template\loader_tags.py", line 266, in do_extends
    nodelist = parser.parse()
  File "C:\Users\cheng\.virtualenvs\tmg-0JPmn_IR\lib\site-packages\django\template\base.py", line 478, in parse
    raise self.error(token, e)
  File "C:\Users\cheng\.virtualenvs\tmg-0JPmn_IR\lib\site-packages\django\template\base.py", line 476, in parse
    compiled_result = compile_func(self, token)
  File "C:\Users\cheng\.virtualenvs\tmg-0JPmn_IR\lib\site-packages\django\template\loader_tags.py", line 209, in do_block
    nodelist = parser.parse(('endblock',))
  File "C:\Users\cheng\.virtualenvs\tmg-0JPmn_IR\lib\site-packages\django\template\base.py", line 478, in parse
    raise self.error(token, e)
  File "C:\Users\cheng\.virtualenvs\tmg-0JPmn_IR\lib\site-packages\django\template\base.py", line 476, in parse
    compiled_result = compile_func(self, token)
  File "C:\Users\cheng\.virtualenvs\tmg-0JPmn_IR\lib\site-packages\django\template\defaulttags.py", line 811, in do_for
    nodelist_loop = parser.parse(('empty', 'endfor',))
  File "C:\Users\cheng\.virtualenvs\tmg-0JPmn_IR\lib\site-packages\django\template\base.py", line 472, in parse
    self.invalid_block_tag(token, command, parse_until)
  File "C:\Users\cheng\.virtualenvs\tmg-0JPmn_IR\lib\site-packages\django\template\base.py", line 528, in invalid_block_tag
    get_text_list(["'%s'" % p for p in parse_until], 'or'),
django.template.exceptions.TemplateSyntaxError: Invalid block tag on line 112: 'endblock', expected 'empty' or 'endfor'. Did you forget to register or load this tag?
[2019-06-10 19:59:02,033][Thread-1:2592][task_id:torch.permission][permission.py:35][INFO][用户:zhangsan 访问 url: /torch/plant_status]
[2019-06-10 19:59:10,197][Thread-1:2592][task_id:torch.permission][permission.py:35][INFO][用户:zhangsan 访问 url: /torch/]
[2019-06-10 19:59:10,202][Thread-1:2592][task_id:torch.utils][utils.py:19][INFO][start get plant_id: 65 of fh]
[2019-06-10 19:59:11,931][Thread-1:2592][task_id:django.request][log.py:228][ERROR][Internal Server Error: /torch/]
Traceback (most recent call last):
  File "C:\Users\cheng\.virtualenvs\tmg-0JPmn_IR\lib\site-packages\django\template\base.py", line 470, in parse
    compile_func = self.tags[command]
KeyError: 'endblock'

During handling of the above exception, another exception occurred:

Traceback (most recent call last):
  File "C:\Users\cheng\.virtualenvs\tmg-0JPmn_IR\lib\site-packages\django\core\handlers\exception.py", line 34, in inner
    response = get_response(request)
  File "C:\Users\cheng\.virtualenvs\tmg-0JPmn_IR\lib\site-packages\django\core\handlers\base.py", line 115, in _get_response
    response = self.process_exception_by_middleware(e, request)
  File "C:\Users\cheng\.virtualenvs\tmg-0JPmn_IR\lib\site-packages\django\core\handlers\base.py", line 113, in _get_response
    response = wrapped_callback(request, *callback_args, **callback_kwargs)
  File "D:\mygit\tmg\tmg\torch\permission.py", line 37, in wapper
    return fun(request, *args, **kwargs)
  File "D:\mygit\tmg\tmg\torch\views.py", line 16, in index
    return render(request, 'torch/torch-index.html', context)
  File "C:\Users\cheng\.virtualenvs\tmg-0JPmn_IR\lib\site-packages\django\shortcuts.py", line 36, in render
    content = loader.render_to_string(template_name, context, request, using=using)
  File "C:\Users\cheng\.virtualenvs\tmg-0JPmn_IR\lib\site-packages\django\template\loader.py", line 61, in render_to_string
    template = get_template(template_name, using=using)
  File "C:\Users\cheng\.virtualenvs\tmg-0JPmn_IR\lib\site-packages\django\template\loader.py", line 15, in get_template
    return engine.get_template(template_name)
  File "C:\Users\cheng\.virtualenvs\tmg-0JPmn_IR\lib\site-packages\django\template\backends\django.py", line 34, in get_template
    return Template(self.engine.get_template(template_name), self)
  File "C:\Users\cheng\.virtualenvs\tmg-0JPmn_IR\lib\site-packages\django\template\engine.py", line 143, in get_template
    template, origin = self.find_template(template_name)
  File "C:\Users\cheng\.virtualenvs\tmg-0JPmn_IR\lib\site-packages\django\template\engine.py", line 125, in find_template
    template = loader.get_template(name, skip=skip)
  File "C:\Users\cheng\.virtualenvs\tmg-0JPmn_IR\lib\site-packages\django\template\loaders\base.py", line 30, in get_template
    contents, origin, origin.template_name, self.engine,
  File "C:\Users\cheng\.virtualenvs\tmg-0JPmn_IR\lib\site-packages\django\template\base.py", line 156, in __init__
    self.nodelist = self.compile_nodelist()
  File "C:\Users\cheng\.virtualenvs\tmg-0JPmn_IR\lib\site-packages\django\template\base.py", line 194, in compile_nodelist
    return parser.parse()
  File "C:\Users\cheng\.virtualenvs\tmg-0JPmn_IR\lib\site-packages\django\template\base.py", line 478, in parse
    raise self.error(token, e)
  File "C:\Users\cheng\.virtualenvs\tmg-0JPmn_IR\lib\site-packages\django\template\base.py", line 476, in parse
    compiled_result = compile_func(self, token)
  File "C:\Users\cheng\.virtualenvs\tmg-0JPmn_IR\lib\site-packages\django\template\loader_tags.py", line 266, in do_extends
    nodelist = parser.parse()
  File "C:\Users\cheng\.virtualenvs\tmg-0JPmn_IR\lib\site-packages\django\template\base.py", line 478, in parse
    raise self.error(token, e)
  File "C:\Users\cheng\.virtualenvs\tmg-0JPmn_IR\lib\site-packages\django\template\base.py", line 476, in parse
    compiled_result = compile_func(self, token)
  File "C:\Users\cheng\.virtualenvs\tmg-0JPmn_IR\lib\site-packages\django\template\loader_tags.py", line 209, in do_block
    nodelist = parser.parse(('endblock',))
  File "C:\Users\cheng\.virtualenvs\tmg-0JPmn_IR\lib\site-packages\django\template\base.py", line 478, in parse
    raise self.error(token, e)
  File "C:\Users\cheng\.virtualenvs\tmg-0JPmn_IR\lib\site-packages\django\template\base.py", line 476, in parse
    compiled_result = compile_func(self, token)
  File "C:\Users\cheng\.virtualenvs\tmg-0JPmn_IR\lib\site-packages\django\template\defaulttags.py", line 811, in do_for
    nodelist_loop = parser.parse(('empty', 'endfor',))
  File "C:\Users\cheng\.virtualenvs\tmg-0JPmn_IR\lib\site-packages\django\template\base.py", line 472, in parse
    self.invalid_block_tag(token, command, parse_until)
  File "C:\Users\cheng\.virtualenvs\tmg-0JPmn_IR\lib\site-packages\django\template\base.py", line 528, in invalid_block_tag
    get_text_list(["'%s'" % p for p in parse_until], 'or'),
django.template.exceptions.TemplateSyntaxError: Invalid block tag on line 112: 'endblock', expected 'empty' or 'endfor'. Did you forget to register or load this tag?
[2019-06-10 20:00:07,161][Thread-1:2592][task_id:torch.permission][permission.py:35][INFO][用户:zhangsan 访问 url: /torch/]
[2019-06-10 20:00:07,164][Thread-1:2592][task_id:torch.utils][utils.py:19][INFO][start get plant_id: 65 of fh]
[2019-06-10 20:00:08,905][Thread-1:2592][task_id:django.request][log.py:228][ERROR][Internal Server Error: /torch/]
Traceback (most recent call last):
  File "C:\Users\cheng\.virtualenvs\tmg-0JPmn_IR\lib\site-packages\django\template\base.py", line 470, in parse
    compile_func = self.tags[command]
KeyError: 'endblock'

During handling of the above exception, another exception occurred:

Traceback (most recent call last):
  File "C:\Users\cheng\.virtualenvs\tmg-0JPmn_IR\lib\site-packages\django\core\handlers\exception.py", line 34, in inner
    response = get_response(request)
  File "C:\Users\cheng\.virtualenvs\tmg-0JPmn_IR\lib\site-packages\django\core\handlers\base.py", line 115, in _get_response
    response = self.process_exception_by_middleware(e, request)
  File "C:\Users\cheng\.virtualenvs\tmg-0JPmn_IR\lib\site-packages\django\core\handlers\base.py", line 113, in _get_response
    response = wrapped_callback(request, *callback_args, **callback_kwargs)
  File "D:\mygit\tmg\tmg\torch\permission.py", line 37, in wapper
    return fun(request, *args, **kwargs)
  File "D:\mygit\tmg\tmg\torch\views.py", line 16, in index
    return render(request, 'torch/torch-index.html', context)
  File "C:\Users\cheng\.virtualenvs\tmg-0JPmn_IR\lib\site-packages\django\shortcuts.py", line 36, in render
    content = loader.render_to_string(template_name, context, request, using=using)
  File "C:\Users\cheng\.virtualenvs\tmg-0JPmn_IR\lib\site-packages\django\template\loader.py", line 61, in render_to_string
    template = get_template(template_name, using=using)
  File "C:\Users\cheng\.virtualenvs\tmg-0JPmn_IR\lib\site-packages\django\template\loader.py", line 15, in get_template
    return engine.get_template(template_name)
  File "C:\Users\cheng\.virtualenvs\tmg-0JPmn_IR\lib\site-packages\django\template\backends\django.py", line 34, in get_template
    return Template(self.engine.get_template(template_name), self)
  File "C:\Users\cheng\.virtualenvs\tmg-0JPmn_IR\lib\site-packages\django\template\engine.py", line 143, in get_template
    template, origin = self.find_template(template_name)
  File "C:\Users\cheng\.virtualenvs\tmg-0JPmn_IR\lib\site-packages\django\template\engine.py", line 125, in find_template
    template = loader.get_template(name, skip=skip)
  File "C:\Users\cheng\.virtualenvs\tmg-0JPmn_IR\lib\site-packages\django\template\loaders\base.py", line 30, in get_template
    contents, origin, origin.template_name, self.engine,
  File "C:\Users\cheng\.virtualenvs\tmg-0JPmn_IR\lib\site-packages\django\template\base.py", line 156, in __init__
    self.nodelist = self.compile_nodelist()
  File "C:\Users\cheng\.virtualenvs\tmg-0JPmn_IR\lib\site-packages\django\template\base.py", line 194, in compile_nodelist
    return parser.parse()
  File "C:\Users\cheng\.virtualenvs\tmg-0JPmn_IR\lib\site-packages\django\template\base.py", line 478, in parse
    raise self.error(token, e)
  File "C:\Users\cheng\.virtualenvs\tmg-0JPmn_IR\lib\site-packages\django\template\base.py", line 476, in parse
    compiled_result = compile_func(self, token)
  File "C:\Users\cheng\.virtualenvs\tmg-0JPmn_IR\lib\site-packages\django\template\loader_tags.py", line 266, in do_extends
    nodelist = parser.parse()
  File "C:\Users\cheng\.virtualenvs\tmg-0JPmn_IR\lib\site-packages\django\template\base.py", line 478, in parse
    raise self.error(token, e)
  File "C:\Users\cheng\.virtualenvs\tmg-0JPmn_IR\lib\site-packages\django\template\base.py", line 476, in parse
    compiled_result = compile_func(self, token)
  File "C:\Users\cheng\.virtualenvs\tmg-0JPmn_IR\lib\site-packages\django\template\loader_tags.py", line 209, in do_block
    nodelist = parser.parse(('endblock',))
  File "C:\Users\cheng\.virtualenvs\tmg-0JPmn_IR\lib\site-packages\django\template\base.py", line 478, in parse
    raise self.error(token, e)
  File "C:\Users\cheng\.virtualenvs\tmg-0JPmn_IR\lib\site-packages\django\template\base.py", line 476, in parse
    compiled_result = compile_func(self, token)
  File "C:\Users\cheng\.virtualenvs\tmg-0JPmn_IR\lib\site-packages\django\template\defaulttags.py", line 811, in do_for
    nodelist_loop = parser.parse(('empty', 'endfor',))
  File "C:\Users\cheng\.virtualenvs\tmg-0JPmn_IR\lib\site-packages\django\template\base.py", line 472, in parse
    self.invalid_block_tag(token, command, parse_until)
  File "C:\Users\cheng\.virtualenvs\tmg-0JPmn_IR\lib\site-packages\django\template\base.py", line 528, in invalid_block_tag
    get_text_list(["'%s'" % p for p in parse_until], 'or'),
django.template.exceptions.TemplateSyntaxError: Invalid block tag on line 114: 'endblock', expected 'empty' or 'endfor'. Did you forget to register or load this tag?
[2019-06-10 20:00:47,390][Thread-1:2592][task_id:torch.permission][permission.py:35][INFO][用户:zhangsan 访问 url: /torch/]
[2019-06-10 20:00:47,394][Thread-1:2592][task_id:torch.utils][utils.py:19][INFO][start get plant_id: 65 of fh]
[2019-06-10 20:01:02,458][Thread-1:2592][task_id:django.request][log.py:228][ERROR][Internal Server Error: /torch/]
Traceback (most recent call last):
  File "C:\Users\cheng\.virtualenvs\tmg-0JPmn_IR\lib\site-packages\django\template\base.py", line 470, in parse
    compile_func = self.tags[command]
KeyError: 'endblock'

During handling of the above exception, another exception occurred:

Traceback (most recent call last):
  File "C:\Users\cheng\.virtualenvs\tmg-0JPmn_IR\lib\site-packages\django\core\handlers\exception.py", line 34, in inner
    response = get_response(request)
  File "C:\Users\cheng\.virtualenvs\tmg-0JPmn_IR\lib\site-packages\django\core\handlers\base.py", line 115, in _get_response
    response = self.process_exception_by_middleware(e, request)
  File "C:\Users\cheng\.virtualenvs\tmg-0JPmn_IR\lib\site-packages\django\core\handlers\base.py", line 113, in _get_response
    response = wrapped_callback(request, *callback_args, **callback_kwargs)
  File "D:\mygit\tmg\tmg\torch\permission.py", line 37, in wapper
    return fun(request, *args, **kwargs)
  File "D:\mygit\tmg\tmg\torch\views.py", line 16, in index
    return render(request, 'torch/torch-index.html', context)
  File "C:\Users\cheng\.virtualenvs\tmg-0JPmn_IR\lib\site-packages\django\shortcuts.py", line 36, in render
    content = loader.render_to_string(template_name, context, request, using=using)
  File "C:\Users\cheng\.virtualenvs\tmg-0JPmn_IR\lib\site-packages\django\template\loader.py", line 61, in render_to_string
    template = get_template(template_name, using=using)
  File "C:\Users\cheng\.virtualenvs\tmg-0JPmn_IR\lib\site-packages\django\template\loader.py", line 15, in get_template
    return engine.get_template(template_name)
  File "C:\Users\cheng\.virtualenvs\tmg-0JPmn_IR\lib\site-packages\django\template\backends\django.py", line 34, in get_template
    return Template(self.engine.get_template(template_name), self)
  File "C:\Users\cheng\.virtualenvs\tmg-0JPmn_IR\lib\site-packages\django\template\engine.py", line 143, in get_template
    template, origin = self.find_template(template_name)
  File "C:\Users\cheng\.virtualenvs\tmg-0JPmn_IR\lib\site-packages\django\template\engine.py", line 125, in find_template
    template = loader.get_template(name, skip=skip)
  File "C:\Users\cheng\.virtualenvs\tmg-0JPmn_IR\lib\site-packages\django\template\loaders\base.py", line 30, in get_template
    contents, origin, origin.template_name, self.engine,
  File "C:\Users\cheng\.virtualenvs\tmg-0JPmn_IR\lib\site-packages\django\template\base.py", line 156, in __init__
    self.nodelist = self.compile_nodelist()
  File "C:\Users\cheng\.virtualenvs\tmg-0JPmn_IR\lib\site-packages\django\template\base.py", line 194, in compile_nodelist
    return parser.parse()
  File "C:\Users\cheng\.virtualenvs\tmg-0JPmn_IR\lib\site-packages\django\template\base.py", line 478, in parse
    raise self.error(token, e)
  File "C:\Users\cheng\.virtualenvs\tmg-0JPmn_IR\lib\site-packages\django\template\base.py", line 476, in parse
    compiled_result = compile_func(self, token)
  File "C:\Users\cheng\.virtualenvs\tmg-0JPmn_IR\lib\site-packages\django\template\loader_tags.py", line 266, in do_extends
    nodelist = parser.parse()
  File "C:\Users\cheng\.virtualenvs\tmg-0JPmn_IR\lib\site-packages\django\template\base.py", line 478, in parse
    raise self.error(token, e)
  File "C:\Users\cheng\.virtualenvs\tmg-0JPmn_IR\lib\site-packages\django\template\base.py", line 476, in parse
    compiled_result = compile_func(self, token)
  File "C:\Users\cheng\.virtualenvs\tmg-0JPmn_IR\lib\site-packages\django\template\loader_tags.py", line 209, in do_block
    nodelist = parser.parse(('endblock',))
  File "C:\Users\cheng\.virtualenvs\tmg-0JPmn_IR\lib\site-packages\django\template\base.py", line 478, in parse
    raise self.error(token, e)
  File "C:\Users\cheng\.virtualenvs\tmg-0JPmn_IR\lib\site-packages\django\template\base.py", line 476, in parse
    compiled_result = compile_func(self, token)
  File "C:\Users\cheng\.virtualenvs\tmg-0JPmn_IR\lib\site-packages\django\template\defaulttags.py", line 811, in do_for
    nodelist_loop = parser.parse(('empty', 'endfor',))
  File "C:\Users\cheng\.virtualenvs\tmg-0JPmn_IR\lib\site-packages\django\template\base.py", line 472, in parse
    self.invalid_block_tag(token, command, parse_until)
  File "C:\Users\cheng\.virtualenvs\tmg-0JPmn_IR\lib\site-packages\django\template\base.py", line 528, in invalid_block_tag
    get_text_list(["'%s'" % p for p in parse_until], 'or'),
django.template.exceptions.TemplateSyntaxError: Invalid block tag on line 113: 'endblock', expected 'empty' or 'endfor'. Did you forget to register or load this tag?
[2019-06-10 20:01:39,352][Thread-1:2592][task_id:torch.permission][permission.py:35][INFO][用户:zhangsan 访问 url: /torch/]
[2019-06-10 20:01:39,354][Thread-1:2592][task_id:torch.utils][utils.py:19][INFO][start get plant_id: 65 of fh]
[2019-06-10 20:01:41,161][Thread-1:2592][task_id:django.request][log.py:228][ERROR][Internal Server Error: /torch/]
Traceback (most recent call last):
  File "C:\Users\cheng\.virtualenvs\tmg-0JPmn_IR\lib\site-packages\django\template\base.py", line 470, in parse
    compile_func = self.tags[command]
KeyError: 'endblock'

During handling of the above exception, another exception occurred:

Traceback (most recent call last):
  File "C:\Users\cheng\.virtualenvs\tmg-0JPmn_IR\lib\site-packages\django\core\handlers\exception.py", line 34, in inner
    response = get_response(request)
  File "C:\Users\cheng\.virtualenvs\tmg-0JPmn_IR\lib\site-packages\django\core\handlers\base.py", line 115, in _get_response
    response = self.process_exception_by_middleware(e, request)
  File "C:\Users\cheng\.virtualenvs\tmg-0JPmn_IR\lib\site-packages\django\core\handlers\base.py", line 113, in _get_response
    response = wrapped_callback(request, *callback_args, **callback_kwargs)
  File "D:\mygit\tmg\tmg\torch\permission.py", line 37, in wapper
    return fun(request, *args, **kwargs)
  File "D:\mygit\tmg\tmg\torch\views.py", line 16, in index
    return render(request, 'torch/torch-index.html', context)
  File "C:\Users\cheng\.virtualenvs\tmg-0JPmn_IR\lib\site-packages\django\shortcuts.py", line 36, in render
    content = loader.render_to_string(template_name, context, request, using=using)
  File "C:\Users\cheng\.virtualenvs\tmg-0JPmn_IR\lib\site-packages\django\template\loader.py", line 61, in render_to_string
    template = get_template(template_name, using=using)
  File "C:\Users\cheng\.virtualenvs\tmg-0JPmn_IR\lib\site-packages\django\template\loader.py", line 15, in get_template
    return engine.get_template(template_name)
  File "C:\Users\cheng\.virtualenvs\tmg-0JPmn_IR\lib\site-packages\django\template\backends\django.py", line 34, in get_template
    return Template(self.engine.get_template(template_name), self)
  File "C:\Users\cheng\.virtualenvs\tmg-0JPmn_IR\lib\site-packages\django\template\engine.py", line 143, in get_template
    template, origin = self.find_template(template_name)
  File "C:\Users\cheng\.virtualenvs\tmg-0JPmn_IR\lib\site-packages\django\template\engine.py", line 125, in find_template
    template = loader.get_template(name, skip=skip)
  File "C:\Users\cheng\.virtualenvs\tmg-0JPmn_IR\lib\site-packages\django\template\loaders\base.py", line 30, in get_template
    contents, origin, origin.template_name, self.engine,
  File "C:\Users\cheng\.virtualenvs\tmg-0JPmn_IR\lib\site-packages\django\template\base.py", line 156, in __init__
    self.nodelist = self.compile_nodelist()
  File "C:\Users\cheng\.virtualenvs\tmg-0JPmn_IR\lib\site-packages\django\template\base.py", line 194, in compile_nodelist
    return parser.parse()
  File "C:\Users\cheng\.virtualenvs\tmg-0JPmn_IR\lib\site-packages\django\template\base.py", line 478, in parse
    raise self.error(token, e)
  File "C:\Users\cheng\.virtualenvs\tmg-0JPmn_IR\lib\site-packages\django\template\base.py", line 476, in parse
    compiled_result = compile_func(self, token)
  File "C:\Users\cheng\.virtualenvs\tmg-0JPmn_IR\lib\site-packages\django\template\loader_tags.py", line 266, in do_extends
    nodelist = parser.parse()
  File "C:\Users\cheng\.virtualenvs\tmg-0JPmn_IR\lib\site-packages\django\template\base.py", line 478, in parse
    raise self.error(token, e)
  File "C:\Users\cheng\.virtualenvs\tmg-0JPmn_IR\lib\site-packages\django\template\base.py", line 476, in parse
    compiled_result = compile_func(self, token)
  File "C:\Users\cheng\.virtualenvs\tmg-0JPmn_IR\lib\site-packages\django\template\loader_tags.py", line 209, in do_block
    nodelist = parser.parse(('endblock',))
  File "C:\Users\cheng\.virtualenvs\tmg-0JPmn_IR\lib\site-packages\django\template\base.py", line 478, in parse
    raise self.error(token, e)
  File "C:\Users\cheng\.virtualenvs\tmg-0JPmn_IR\lib\site-packages\django\template\base.py", line 476, in parse
    compiled_result = compile_func(self, token)
  File "C:\Users\cheng\.virtualenvs\tmg-0JPmn_IR\lib\site-packages\django\template\defaulttags.py", line 811, in do_for
    nodelist_loop = parser.parse(('empty', 'endfor',))
  File "C:\Users\cheng\.virtualenvs\tmg-0JPmn_IR\lib\site-packages\django\template\base.py", line 472, in parse
    self.invalid_block_tag(token, command, parse_until)
  File "C:\Users\cheng\.virtualenvs\tmg-0JPmn_IR\lib\site-packages\django\template\base.py", line 528, in invalid_block_tag
    get_text_list(["'%s'" % p for p in parse_until], 'or'),
django.template.exceptions.TemplateSyntaxError: Invalid block tag on line 112: 'endblock', expected 'empty' or 'endfor'. Did you forget to register or load this tag?
[2019-06-10 20:02:17,351][Thread-1:2592][task_id:torch.permission][permission.py:35][INFO][用户:zhangsan 访问 url: /torch/]
[2019-06-10 20:02:17,355][Thread-1:2592][task_id:torch.utils][utils.py:19][INFO][start get plant_id: 65 of fh]
[2019-06-10 20:04:21,412][Thread-1:2592][task_id:torch.permission][permission.py:35][INFO][用户:zhangsan 访问 url: /torch/]
[2019-06-10 20:04:21,430][Thread-1:2592][task_id:torch.utils][utils.py:19][INFO][start get plant_id: 65 of fh]
[2019-06-10 20:04:23,164][Thread-1:2592][task_id:django.request][log.py:228][ERROR][Internal Server Error: /torch/]
Traceback (most recent call last):
  File "C:\Users\cheng\.virtualenvs\tmg-0JPmn_IR\lib\site-packages\django\template\base.py", line 470, in parse
    compile_func = self.tags[command]
KeyError: 'endblock'

During handling of the above exception, another exception occurred:

Traceback (most recent call last):
  File "C:\Users\cheng\.virtualenvs\tmg-0JPmn_IR\lib\site-packages\django\core\handlers\exception.py", line 34, in inner
    response = get_response(request)
  File "C:\Users\cheng\.virtualenvs\tmg-0JPmn_IR\lib\site-packages\django\core\handlers\base.py", line 115, in _get_response
    response = self.process_exception_by_middleware(e, request)
  File "C:\Users\cheng\.virtualenvs\tmg-0JPmn_IR\lib\site-packages\django\core\handlers\base.py", line 113, in _get_response
    response = wrapped_callback(request, *callback_args, **callback_kwargs)
  File "D:\mygit\tmg\tmg\torch\permission.py", line 37, in wapper
    return fun(request, *args, **kwargs)
  File "D:\mygit\tmg\tmg\torch\views.py", line 16, in index
    return render(request, 'torch/torch-index.html', context)
  File "C:\Users\cheng\.virtualenvs\tmg-0JPmn_IR\lib\site-packages\django\shortcuts.py", line 36, in render
    content = loader.render_to_string(template_name, context, request, using=using)
  File "C:\Users\cheng\.virtualenvs\tmg-0JPmn_IR\lib\site-packages\django\template\loader.py", line 61, in render_to_string
    template = get_template(template_name, using=using)
  File "C:\Users\cheng\.virtualenvs\tmg-0JPmn_IR\lib\site-packages\django\template\loader.py", line 15, in get_template
    return engine.get_template(template_name)
  File "C:\Users\cheng\.virtualenvs\tmg-0JPmn_IR\lib\site-packages\django\template\backends\django.py", line 34, in get_template
    return Template(self.engine.get_template(template_name), self)
  File "C:\Users\cheng\.virtualenvs\tmg-0JPmn_IR\lib\site-packages\django\template\engine.py", line 143, in get_template
    template, origin = self.find_template(template_name)
  File "C:\Users\cheng\.virtualenvs\tmg-0JPmn_IR\lib\site-packages\django\template\engine.py", line 125, in find_template
    template = loader.get_template(name, skip=skip)
  File "C:\Users\cheng\.virtualenvs\tmg-0JPmn_IR\lib\site-packages\django\template\loaders\base.py", line 30, in get_template
    contents, origin, origin.template_name, self.engine,
  File "C:\Users\cheng\.virtualenvs\tmg-0JPmn_IR\lib\site-packages\django\template\base.py", line 156, in __init__
    self.nodelist = self.compile_nodelist()
  File "C:\Users\cheng\.virtualenvs\tmg-0JPmn_IR\lib\site-packages\django\template\base.py", line 194, in compile_nodelist
    return parser.parse()
  File "C:\Users\cheng\.virtualenvs\tmg-0JPmn_IR\lib\site-packages\django\template\base.py", line 478, in parse
    raise self.error(token, e)
  File "C:\Users\cheng\.virtualenvs\tmg-0JPmn_IR\lib\site-packages\django\template\base.py", line 476, in parse
    compiled_result = compile_func(self, token)
  File "C:\Users\cheng\.virtualenvs\tmg-0JPmn_IR\lib\site-packages\django\template\loader_tags.py", line 266, in do_extends
    nodelist = parser.parse()
  File "C:\Users\cheng\.virtualenvs\tmg-0JPmn_IR\lib\site-packages\django\template\base.py", line 478, in parse
    raise self.error(token, e)
  File "C:\Users\cheng\.virtualenvs\tmg-0JPmn_IR\lib\site-packages\django\template\base.py", line 476, in parse
    compiled_result = compile_func(self, token)
  File "C:\Users\cheng\.virtualenvs\tmg-0JPmn_IR\lib\site-packages\django\template\loader_tags.py", line 209, in do_block
    nodelist = parser.parse(('endblock',))
  File "C:\Users\cheng\.virtualenvs\tmg-0JPmn_IR\lib\site-packages\django\template\base.py", line 478, in parse
    raise self.error(token, e)
  File "C:\Users\cheng\.virtualenvs\tmg-0JPmn_IR\lib\site-packages\django\template\base.py", line 476, in parse
    compiled_result = compile_func(self, token)
  File "C:\Users\cheng\.virtualenvs\tmg-0JPmn_IR\lib\site-packages\django\template\defaulttags.py", line 814, in do_for
    nodelist_empty = parser.parse(('endfor',))
  File "C:\Users\cheng\.virtualenvs\tmg-0JPmn_IR\lib\site-packages\django\template\base.py", line 472, in parse
    self.invalid_block_tag(token, command, parse_until)
  File "C:\Users\cheng\.virtualenvs\tmg-0JPmn_IR\lib\site-packages\django\template\base.py", line 528, in invalid_block_tag
    get_text_list(["'%s'" % p for p in parse_until], 'or'),
django.template.exceptions.TemplateSyntaxError: Invalid block tag on line 114: 'endblock', expected 'endfor'. Did you forget to register or load this tag?
[2019-06-10 20:05:52,734][Thread-1:2592][task_id:torch.permission][permission.py:35][INFO][用户:zhangsan 访问 url: /torch/]
[2019-06-10 20:05:52,737][Thread-1:2592][task_id:torch.utils][utils.py:19][INFO][start get plant_id: 65 of fh]
[2019-06-10 20:05:54,651][Thread-1:2592][task_id:django.request][log.py:228][ERROR][Internal Server Error: /torch/]
Traceback (most recent call last):
  File "C:\Users\cheng\.virtualenvs\tmg-0JPmn_IR\lib\site-packages\django\template\base.py", line 470, in parse
    compile_func = self.tags[command]
KeyError: 'endblock'

During handling of the above exception, another exception occurred:

Traceback (most recent call last):
  File "C:\Users\cheng\.virtualenvs\tmg-0JPmn_IR\lib\site-packages\django\core\handlers\exception.py", line 34, in inner
    response = get_response(request)
  File "C:\Users\cheng\.virtualenvs\tmg-0JPmn_IR\lib\site-packages\django\core\handlers\base.py", line 115, in _get_response
    response = self.process_exception_by_middleware(e, request)
  File "C:\Users\cheng\.virtualenvs\tmg-0JPmn_IR\lib\site-packages\django\core\handlers\base.py", line 113, in _get_response
    response = wrapped_callback(request, *callback_args, **callback_kwargs)
  File "D:\mygit\tmg\tmg\torch\permission.py", line 37, in wapper
    return fun(request, *args, **kwargs)
  File "D:\mygit\tmg\tmg\torch\views.py", line 16, in index
    return render(request, 'torch/torch-index.html', context)
  File "C:\Users\cheng\.virtualenvs\tmg-0JPmn_IR\lib\site-packages\django\shortcuts.py", line 36, in render
    content = loader.render_to_string(template_name, context, request, using=using)
  File "C:\Users\cheng\.virtualenvs\tmg-0JPmn_IR\lib\site-packages\django\template\loader.py", line 61, in render_to_string
    template = get_template(template_name, using=using)
  File "C:\Users\cheng\.virtualenvs\tmg-0JPmn_IR\lib\site-packages\django\template\loader.py", line 15, in get_template
    return engine.get_template(template_name)
  File "C:\Users\cheng\.virtualenvs\tmg-0JPmn_IR\lib\site-packages\django\template\backends\django.py", line 34, in get_template
    return Template(self.engine.get_template(template_name), self)
  File "C:\Users\cheng\.virtualenvs\tmg-0JPmn_IR\lib\site-packages\django\template\engine.py", line 143, in get_template
    template, origin = self.find_template(template_name)
  File "C:\Users\cheng\.virtualenvs\tmg-0JPmn_IR\lib\site-packages\django\template\engine.py", line 125, in find_template
    template = loader.get_template(name, skip=skip)
  File "C:\Users\cheng\.virtualenvs\tmg-0JPmn_IR\lib\site-packages\django\template\loaders\base.py", line 30, in get_template
    contents, origin, origin.template_name, self.engine,
  File "C:\Users\cheng\.virtualenvs\tmg-0JPmn_IR\lib\site-packages\django\template\base.py", line 156, in __init__
    self.nodelist = self.compile_nodelist()
  File "C:\Users\cheng\.virtualenvs\tmg-0JPmn_IR\lib\site-packages\django\template\base.py", line 194, in compile_nodelist
    return parser.parse()
  File "C:\Users\cheng\.virtualenvs\tmg-0JPmn_IR\lib\site-packages\django\template\base.py", line 478, in parse
    raise self.error(token, e)
  File "C:\Users\cheng\.virtualenvs\tmg-0JPmn_IR\lib\site-packages\django\template\base.py", line 476, in parse
    compiled_result = compile_func(self, token)
  File "C:\Users\cheng\.virtualenvs\tmg-0JPmn_IR\lib\site-packages\django\template\loader_tags.py", line 266, in do_extends
    nodelist = parser.parse()
  File "C:\Users\cheng\.virtualenvs\tmg-0JPmn_IR\lib\site-packages\django\template\base.py", line 478, in parse
    raise self.error(token, e)
  File "C:\Users\cheng\.virtualenvs\tmg-0JPmn_IR\lib\site-packages\django\template\base.py", line 476, in parse
    compiled_result = compile_func(self, token)
  File "C:\Users\cheng\.virtualenvs\tmg-0JPmn_IR\lib\site-packages\django\template\loader_tags.py", line 209, in do_block
    nodelist = parser.parse(('endblock',))
  File "C:\Users\cheng\.virtualenvs\tmg-0JPmn_IR\lib\site-packages\django\template\base.py", line 478, in parse
    raise self.error(token, e)
  File "C:\Users\cheng\.virtualenvs\tmg-0JPmn_IR\lib\site-packages\django\template\base.py", line 476, in parse
    compiled_result = compile_func(self, token)
  File "C:\Users\cheng\.virtualenvs\tmg-0JPmn_IR\lib\site-packages\django\template\defaulttags.py", line 814, in do_for
    nodelist_empty = parser.parse(('endfor',))
  File "C:\Users\cheng\.virtualenvs\tmg-0JPmn_IR\lib\site-packages\django\template\base.py", line 472, in parse
    self.invalid_block_tag(token, command, parse_until)
  File "C:\Users\cheng\.virtualenvs\tmg-0JPmn_IR\lib\site-packages\django\template\base.py", line 528, in invalid_block_tag
    get_text_list(["'%s'" % p for p in parse_until], 'or'),
django.template.exceptions.TemplateSyntaxError: Invalid block tag on line 115: 'endblock', expected 'endfor'. Did you forget to register or load this tag?
[2019-06-10 20:08:27,978][Thread-1:2592][task_id:torch.permission][permission.py:35][INFO][用户:zhangsan 访问 url: /torch/]
[2019-06-10 20:08:27,981][Thread-1:2592][task_id:torch.utils][utils.py:19][INFO][start get plant_id: 65 of fh]
[2019-06-10 20:08:29,884][Thread-1:2592][task_id:django.request][log.py:228][ERROR][Internal Server Error: /torch/]
Traceback (most recent call last):
  File "C:\Users\cheng\.virtualenvs\tmg-0JPmn_IR\lib\site-packages\django\template\base.py", line 470, in parse
    compile_func = self.tags[command]
KeyError: 'endblock'

During handling of the above exception, another exception occurred:

Traceback (most recent call last):
  File "C:\Users\cheng\.virtualenvs\tmg-0JPmn_IR\lib\site-packages\django\core\handlers\exception.py", line 34, in inner
    response = get_response(request)
  File "C:\Users\cheng\.virtualenvs\tmg-0JPmn_IR\lib\site-packages\django\core\handlers\base.py", line 115, in _get_response
    response = self.process_exception_by_middleware(e, request)
  File "C:\Users\cheng\.virtualenvs\tmg-0JPmn_IR\lib\site-packages\django\core\handlers\base.py", line 113, in _get_response
    response = wrapped_callback(request, *callback_args, **callback_kwargs)
  File "D:\mygit\tmg\tmg\torch\permission.py", line 37, in wapper
    return fun(request, *args, **kwargs)
  File "D:\mygit\tmg\tmg\torch\views.py", line 16, in index
    return render(request, 'torch/torch-index.html', context)
  File "C:\Users\cheng\.virtualenvs\tmg-0JPmn_IR\lib\site-packages\django\shortcuts.py", line 36, in render
    content = loader.render_to_string(template_name, context, request, using=using)
  File "C:\Users\cheng\.virtualenvs\tmg-0JPmn_IR\lib\site-packages\django\template\loader.py", line 61, in render_to_string
    template = get_template(template_name, using=using)
  File "C:\Users\cheng\.virtualenvs\tmg-0JPmn_IR\lib\site-packages\django\template\loader.py", line 15, in get_template
    return engine.get_template(template_name)
  File "C:\Users\cheng\.virtualenvs\tmg-0JPmn_IR\lib\site-packages\django\template\backends\django.py", line 34, in get_template
    return Template(self.engine.get_template(template_name), self)
  File "C:\Users\cheng\.virtualenvs\tmg-0JPmn_IR\lib\site-packages\django\template\engine.py", line 143, in get_template
    template, origin = self.find_template(template_name)
  File "C:\Users\cheng\.virtualenvs\tmg-0JPmn_IR\lib\site-packages\django\template\engine.py", line 125, in find_template
    template = loader.get_template(name, skip=skip)
  File "C:\Users\cheng\.virtualenvs\tmg-0JPmn_IR\lib\site-packages\django\template\loaders\base.py", line 30, in get_template
    contents, origin, origin.template_name, self.engine,
  File "C:\Users\cheng\.virtualenvs\tmg-0JPmn_IR\lib\site-packages\django\template\base.py", line 156, in __init__
    self.nodelist = self.compile_nodelist()
  File "C:\Users\cheng\.virtualenvs\tmg-0JPmn_IR\lib\site-packages\django\template\base.py", line 194, in compile_nodelist
    return parser.parse()
  File "C:\Users\cheng\.virtualenvs\tmg-0JPmn_IR\lib\site-packages\django\template\base.py", line 478, in parse
    raise self.error(token, e)
  File "C:\Users\cheng\.virtualenvs\tmg-0JPmn_IR\lib\site-packages\django\template\base.py", line 476, in parse
    compiled_result = compile_func(self, token)
  File "C:\Users\cheng\.virtualenvs\tmg-0JPmn_IR\lib\site-packages\django\template\loader_tags.py", line 266, in do_extends
    nodelist = parser.parse()
  File "C:\Users\cheng\.virtualenvs\tmg-0JPmn_IR\lib\site-packages\django\template\base.py", line 478, in parse
    raise self.error(token, e)
  File "C:\Users\cheng\.virtualenvs\tmg-0JPmn_IR\lib\site-packages\django\template\base.py", line 476, in parse
    compiled_result = compile_func(self, token)
  File "C:\Users\cheng\.virtualenvs\tmg-0JPmn_IR\lib\site-packages\django\template\loader_tags.py", line 209, in do_block
    nodelist = parser.parse(('endblock',))
  File "C:\Users\cheng\.virtualenvs\tmg-0JPmn_IR\lib\site-packages\django\template\base.py", line 478, in parse
    raise self.error(token, e)
  File "C:\Users\cheng\.virtualenvs\tmg-0JPmn_IR\lib\site-packages\django\template\base.py", line 476, in parse
    compiled_result = compile_func(self, token)
  File "C:\Users\cheng\.virtualenvs\tmg-0JPmn_IR\lib\site-packages\django\template\defaulttags.py", line 814, in do_for
    nodelist_empty = parser.parse(('endfor',))
  File "C:\Users\cheng\.virtualenvs\tmg-0JPmn_IR\lib\site-packages\django\template\base.py", line 472, in parse
    self.invalid_block_tag(token, command, parse_until)
  File "C:\Users\cheng\.virtualenvs\tmg-0JPmn_IR\lib\site-packages\django\template\base.py", line 528, in invalid_block_tag
    get_text_list(["'%s'" % p for p in parse_until], 'or'),
django.template.exceptions.TemplateSyntaxError: Invalid block tag on line 115: 'endblock', expected 'endfor'. Did you forget to register or load this tag?
[2019-06-10 20:08:55,687][Thread-1:2592][task_id:torch.permission][permission.py:35][INFO][用户:zhangsan 访问 url: /torch/]
[2019-06-10 20:08:55,704][Thread-1:2592][task_id:torch.utils][utils.py:19][INFO][start get plant_id: 65 of fh]
[2019-06-10 20:08:59,817][Thread-1:2592][task_id:django.request][log.py:228][ERROR][Internal Server Error: /torch/]
Traceback (most recent call last):
  File "C:\Users\cheng\.virtualenvs\tmg-0JPmn_IR\lib\site-packages\django\template\base.py", line 470, in parse
    compile_func = self.tags[command]
KeyError: 'endblock'

During handling of the above exception, another exception occurred:

Traceback (most recent call last):
  File "C:\Users\cheng\.virtualenvs\tmg-0JPmn_IR\lib\site-packages\django\core\handlers\exception.py", line 34, in inner
    response = get_response(request)
  File "C:\Users\cheng\.virtualenvs\tmg-0JPmn_IR\lib\site-packages\django\core\handlers\base.py", line 115, in _get_response
    response = self.process_exception_by_middleware(e, request)
  File "C:\Users\cheng\.virtualenvs\tmg-0JPmn_IR\lib\site-packages\django\core\handlers\base.py", line 113, in _get_response
    response = wrapped_callback(request, *callback_args, **callback_kwargs)
  File "D:\mygit\tmg\tmg\torch\permission.py", line 37, in wapper
    return fun(request, *args, **kwargs)
  File "D:\mygit\tmg\tmg\torch\views.py", line 16, in index
    return render(request, 'torch/torch-index.html', context)
  File "C:\Users\cheng\.virtualenvs\tmg-0JPmn_IR\lib\site-packages\django\shortcuts.py", line 36, in render
    content = loader.render_to_string(template_name, context, request, using=using)
  File "C:\Users\cheng\.virtualenvs\tmg-0JPmn_IR\lib\site-packages\django\template\loader.py", line 61, in render_to_string
    template = get_template(template_name, using=using)
  File "C:\Users\cheng\.virtualenvs\tmg-0JPmn_IR\lib\site-packages\django\template\loader.py", line 15, in get_template
    return engine.get_template(template_name)
  File "C:\Users\cheng\.virtualenvs\tmg-0JPmn_IR\lib\site-packages\django\template\backends\django.py", line 34, in get_template
    return Template(self.engine.get_template(template_name), self)
  File "C:\Users\cheng\.virtualenvs\tmg-0JPmn_IR\lib\site-packages\django\template\engine.py", line 143, in get_template
    template, origin = self.find_template(template_name)
  File "C:\Users\cheng\.virtualenvs\tmg-0JPmn_IR\lib\site-packages\django\template\engine.py", line 125, in find_template
    template = loader.get_template(name, skip=skip)
  File "C:\Users\cheng\.virtualenvs\tmg-0JPmn_IR\lib\site-packages\django\template\loaders\base.py", line 30, in get_template
    contents, origin, origin.template_name, self.engine,
  File "C:\Users\cheng\.virtualenvs\tmg-0JPmn_IR\lib\site-packages\django\template\base.py", line 156, in __init__
    self.nodelist = self.compile_nodelist()
  File "C:\Users\cheng\.virtualenvs\tmg-0JPmn_IR\lib\site-packages\django\template\base.py", line 194, in compile_nodelist
    return parser.parse()
  File "C:\Users\cheng\.virtualenvs\tmg-0JPmn_IR\lib\site-packages\django\template\base.py", line 478, in parse
    raise self.error(token, e)
  File "C:\Users\cheng\.virtualenvs\tmg-0JPmn_IR\lib\site-packages\django\template\base.py", line 476, in parse
    compiled_result = compile_func(self, token)
  File "C:\Users\cheng\.virtualenvs\tmg-0JPmn_IR\lib\site-packages\django\template\loader_tags.py", line 266, in do_extends
    nodelist = parser.parse()
  File "C:\Users\cheng\.virtualenvs\tmg-0JPmn_IR\lib\site-packages\django\template\base.py", line 478, in parse
    raise self.error(token, e)
  File "C:\Users\cheng\.virtualenvs\tmg-0JPmn_IR\lib\site-packages\django\template\base.py", line 476, in parse
    compiled_result = compile_func(self, token)
  File "C:\Users\cheng\.virtualenvs\tmg-0JPmn_IR\lib\site-packages\django\template\loader_tags.py", line 209, in do_block
    nodelist = parser.parse(('endblock',))
  File "C:\Users\cheng\.virtualenvs\tmg-0JPmn_IR\lib\site-packages\django\template\base.py", line 478, in parse
    raise self.error(token, e)
  File "C:\Users\cheng\.virtualenvs\tmg-0JPmn_IR\lib\site-packages\django\template\base.py", line 476, in parse
    compiled_result = compile_func(self, token)
  File "C:\Users\cheng\.virtualenvs\tmg-0JPmn_IR\lib\site-packages\django\template\defaulttags.py", line 814, in do_for
    nodelist_empty = parser.parse(('endfor',))
  File "C:\Users\cheng\.virtualenvs\tmg-0JPmn_IR\lib\site-packages\django\template\base.py", line 472, in parse
    self.invalid_block_tag(token, command, parse_until)
  File "C:\Users\cheng\.virtualenvs\tmg-0JPmn_IR\lib\site-packages\django\template\base.py", line 528, in invalid_block_tag
    get_text_list(["'%s'" % p for p in parse_until], 'or'),
django.template.exceptions.TemplateSyntaxError: Invalid block tag on line 115: 'endblock', expected 'endfor'. Did you forget to register or load this tag?
[2019-06-10 20:10:06,139][Thread-1:2592][task_id:torch.permission][permission.py:35][INFO][用户:zhangsan 访问 url: /torch/]
[2019-06-10 20:10:06,142][Thread-1:2592][task_id:torch.utils][utils.py:19][INFO][start get plant_id: 65 of fh]
[2019-06-10 20:12:03,948][Thread-6:10396][task_id:torch.permission][permission.py:35][INFO][用户:zhangsan 访问 url: /torch/]
[2019-06-10 20:12:03,951][Thread-6:10396][task_id:torch.utils][utils.py:19][INFO][start get plant_id: 65 of fh]
[2019-06-10 20:13:28,929][Thread-9:3172][task_id:torch.permission][permission.py:35][INFO][用户:zhangsan 访问 url: /torch/]
[2019-06-10 20:13:28,932][Thread-9:3172][task_id:torch.utils][utils.py:19][INFO][start get plant_id: 65 of fh]
[2019-06-10 20:15:08,612][Thread-12:7520][task_id:torch.permission][permission.py:35][INFO][用户:zhangsan 访问 url: /torch/]
[2019-06-10 20:15:08,615][Thread-12:7520][task_id:torch.utils][utils.py:19][INFO][start get plant_id: 65 of fh]
[2019-06-10 20:15:41,588][Thread-15:11892][task_id:torch.permission][permission.py:35][INFO][用户:zhangsan 访问 url: /torch/]
[2019-06-10 20:15:41,592][Thread-15:11892][task_id:torch.utils][utils.py:19][INFO][start get plant_id: 65 of fh]
[2019-06-10 20:17:13,524][Thread-18:5444][task_id:torch.permission][permission.py:35][INFO][用户:zhangsan 访问 url: /torch/]
[2019-06-10 20:17:13,528][Thread-18:5444][task_id:torch.utils][utils.py:19][INFO][start get plant_id: 65 of fh]
[2019-06-10 20:27:02,075][MainThread:4948][task_id:django.utils.autoreload][autoreload.py:576][INFO][Watching for file changes with StatReloader]
[2019-06-10 20:29:47,677][MainThread:4948][task_id:django.utils.autoreload][autoreload.py:203][INFO][D:\mygit\tmg\tmg\tmg\urls.py changed, reloading.]
[2019-06-10 20:29:49,688][MainThread:13792][task_id:django.utils.autoreload][autoreload.py:576][INFO][Watching for file changes with StatReloader]
[2019-06-10 20:30:09,002][Thread-1:5056][task_id:django.request][log.py:228][WARNING][Not Found: /api/]
[2019-06-10 20:30:17,896][MainThread:13792][task_id:django.utils.autoreload][autoreload.py:203][INFO][D:\mygit\tmg\tmg\tmg\urls.py changed, reloading.]
[2019-06-10 20:30:19,864][MainThread:13800][task_id:django.utils.autoreload][autoreload.py:576][INFO][Watching for file changes with StatReloader]
[2019-06-10 20:30:23,578][Thread-1:6124][task_id:django.request][log.py:228][WARNING][Not Found: /api/]
[2019-06-10 20:30:39,089][Thread-1:6124][task_id:django.request][log.py:228][WARNING][Not Found: /accounts/profile/]
[2019-06-10 20:30:48,381][Thread-1:6124][task_id:django.request][log.py:228][WARNING][Not Found: /api/]
[2019-06-10 20:33:21,184][Thread-1:6124][task_id:torch.permission][permission.py:35][INFO][用户:zhangsan 访问 url: /torch/]
[2019-06-10 20:33:21,189][Thread-1:6124][task_id:torch.utils][utils.py:19][INFO][start get plant_id: 65 of fh]
[2019-06-10 20:33:27,203][Thread-9:13360][task_id:torch.permission][permission.py:35][INFO][用户:zhangsan 访问 url: /torch/plant_status]
